This file contains any messages produced by compilers while
running configure, to aid debugging if configure makes a mistake.

It was created by configure, which was
generated by GNU Autoconf 2.63.  Invocation command line was

  $ ./configure CFLAGS=-O3 -DNDEBUG -finline-functions -fno-strict-aliasing  CPPFLAGS= -D_REENTRANT FFLAGS= LDFLAGS=  --enable-shared --disable-static --prefix=/Users/apple/project/SwiftSnails/third/openmpi-1.4.5/../local/openmpi --with-mpi=open_mpi --disable-aio --cache-file=/dev/null --srcdir=.

## --------- ##
## Platform. ##
## --------- ##

hostname = appledeMacBook-Air.local
uname -m = x86_64
uname -r = 14.0.0
uname -s = Darwin
uname -v = Darwin Kernel Version 14.0.0: Fri Sep 19 00:26:44 PDT 2014; root:xnu-2782.1.97~2/RELEASE_X86_64

/usr/bin/uname -p = i386
/bin/uname -X     = unknown

/bin/arch              = unknown
/usr/bin/arch -k       = unknown
/usr/convex/getsysinfo = unknown
/usr/bin/hostinfo      = Mach kernel version:
	 Darwin Kernel Version 14.0.0: Fri Sep 19 00:26:44 PDT 2014; root:xnu-2782.1.97~2/RELEASE_X86_64
Kernel configured for up to 4 processors.
2 processors are physically available.
4 processors are logically available.
Processor type: x86_64h (Intel x86-64h Haswell)
Processors active: 0 1 2 3
Primary memory available: 4.00 gigabytes
Default processor set: 234 tasks, 1026 threads, 4 processors
Load average: 2.27, Mach factor: 1.76
/bin/machine           = unknown
/usr/bin/oslevel       = unknown
/bin/universe          = unknown

PATH: /usr/local/bin
PATH: /usr/bin
PATH: /bin
PATH: /usr/sbin
PATH: /sbin


## ----------- ##
## Core tests. ##
## ----------- ##

configure:2168: checking for Open MPI support files
configure:2178: result: in Open MPI source tree -- good
configure:2411: checking for a BSD-compatible install
configure:2479: result: /usr/bin/install -c
configure:2490: checking whether build environment is sane
configure:2533: result: yes
configure:2660: checking for a thread-safe mkdir -p
configure:2699: result: confdb/install-sh -c -d
configure:2712: checking for gawk
configure:2742: result: no
configure:2712: checking for mawk
configure:2742: result: no
configure:2712: checking for nawk
configure:2742: result: no
configure:2712: checking for awk
configure:2728: found /usr/bin/awk
configure:2739: result: awk
configure:2750: checking whether make sets $(MAKE)
configure:2772: result: yes
configure:2855: checking for architecture
configure:2868: result: x86_64
configure:2877: WARNING: Unknown architecture ... proceeding anyway
configure:2900: result: ROMIO home directory is /Users/apple/project/SwiftSnails/third/openmpi-1.4.5/ompi/mca/io/romio/romio
configure:3052: checking for ranlib
configure:3068: found /usr/bin/ranlib
configure:3079: result: ranlib
configure:3270: checking for gcc
configure:3286: found /usr/bin/gcc
configure:3297: result: gcc
configure:3529: checking for C compiler version
configure:3537: gcc --version >&5
Configured with: --prefix=/Library/Developer/CommandLineTools/usr --with-gxx-include-dir=/usr/include/c++/4.2.1
Apple LLVM version 6.0 (clang-600.0.54) (based on LLVM 3.5svn)
Target: x86_64-apple-darwin14.0.0
Thread model: posix
configure:3541: $? = 0
configure:3548: gcc -v >&5
Configured with: --prefix=/Library/Developer/CommandLineTools/usr --with-gxx-include-dir=/usr/include/c++/4.2.1
Apple LLVM version 6.0 (clang-600.0.54) (based on LLVM 3.5svn)
Target: x86_64-apple-darwin14.0.0
Thread model: posix
configure:3552: $? = 0
configure:3559: gcc -V >&5
clang: error: argument to '-V' is missing (expected 1 value)
clang: error: no input files
configure:3563: $? = 1
configure:3586: checking for C compiler default output file name
configure:3608: gcc -O3 -DNDEBUG -finline-functions -fno-strict-aliasing   -D_REENTRANT   conftest.c -lutil   >&5
configure:3612: $? = 0
configure:3650: result: a.out
configure:3669: checking whether the C compiler works
configure:3679: ./a.out
configure:3683: $? = 0
configure:3702: result: yes
configure:3709: checking whether we are cross compiling
configure:3711: result: no
configure:3714: checking for suffix of executables
configure:3721: gcc -o conftest -O3 -DNDEBUG -finline-functions -fno-strict-aliasing   -D_REENTRANT   conftest.c -lutil   >&5
configure:3725: $? = 0
configure:3751: result: 
configure:3757: checking for suffix of object files
configure:3783: gcc -c -O3 -DNDEBUG -finline-functions -fno-strict-aliasing   -D_REENTRANT conftest.c >&5
configure:3787: $? = 0
configure:3812: result: o
configure:3816: checking whether we are using the GNU C compiler
configure:3845: gcc -c -O3 -DNDEBUG -finline-functions -fno-strict-aliasing   -D_REENTRANT conftest.c >&5
configure:3852: $? = 0
configure:3869: result: yes
configure:3878: checking whether gcc accepts -g
configure:3908: gcc -c -g  -D_REENTRANT conftest.c >&5
configure:3915: $? = 0
configure:4016: result: yes
configure:4033: checking for gcc option to accept ISO C89
configure:4107: gcc  -c -O3 -DNDEBUG -finline-functions -fno-strict-aliasing   -D_REENTRANT conftest.c >&5
configure:4114: $? = 0
configure:4137: result: none needed
configure:4166: checking for style of include used by make
configure:4194: result: GNU
configure:4219: checking dependency style of gcc
configure:4329: result: gcc3
configure:5342: checking for memalign
configure:5398: gcc -o conftest -O3 -DNDEBUG -finline-functions -fno-strict-aliasing   -D_REENTRANT   conftest.c -lutil   >&5
Undefined symbols for architecture x86_64:
  "_memalign", referenced from:
      _main in conftest-15d235.o
ld: symbol(s) not found for architecture x86_64
clang: error: linker command failed with exit code 1 (use -v to see invocation)
configure:5405: $? = 1
configure: failed program was:
| /* confdefs.h.  */
| #define PACKAGE_NAME ""
| #define PACKAGE_TARNAME ""
| #define PACKAGE_VERSION ""
| #define PACKAGE_STRING ""
| #define PACKAGE_BUGREPORT ""
| #define HAVE_MPI_OFFSET 1
| /* end confdefs.h.  */
| /* Define memalign to an innocuous variant, in case <limits.h> declares memalign.
|    For example, HP-UX 11i <limits.h> declares gettimeofday.  */
| #define memalign innocuous_memalign
| 
| /* System header to define __stub macros and hopefully few prototypes,
|     which can conflict with char memalign (); below.
|     Prefer <limits.h> to <assert.h> if __STDC__ is defined, since
|     <limits.h> exists even on freestanding compilers.  */
| 
| #ifdef __STDC__
| # include <limits.h>
| #else
| # include <assert.h>
| #endif
| 
| #undef memalign
| 
| /* Override any GCC internal prototype to avoid an error.
|    Use char because int might match the return type of a GCC
|    builtin and then its argument prototype would still apply.  */
| #ifdef __cplusplus
| extern "C"
| #endif
| char memalign ();
| /* The GNU C library defines this for functions which it implements
|     to always fail with ENOSYS.  Some functions are actually named
|     something starting with __ and the normal name is an alias.  */
| #if defined __stub_memalign || defined __stub___memalign
| choke me
| #endif
| 
| int
| main ()
| {
| return memalign ();
|   ;
|   return 0;
| }
configure:5427: result: no
configure:5528: checking how to run the C preprocessor
configure:5568: gcc -E  -D_REENTRANT conftest.c
configure:5575: $? = 0
configure:5606: gcc -E  -D_REENTRANT conftest.c
conftest.c:9:10: fatal error: 'ac_nonexistent.h' file not found
#include <ac_nonexistent.h>
         ^
1 error generated.
configure:5613: $? = 1
configure: failed program was:
| /* confdefs.h.  */
| #define PACKAGE_NAME ""
| #define PACKAGE_TARNAME ""
| #define PACKAGE_VERSION ""
| #define PACKAGE_STRING ""
| #define PACKAGE_BUGREPORT ""
| #define HAVE_MPI_OFFSET 1
| /* end confdefs.h.  */
| #include <ac_nonexistent.h>
configure:5646: result: gcc -E
configure:5675: gcc -E  -D_REENTRANT conftest.c
configure:5682: $? = 0
configure:5713: gcc -E  -D_REENTRANT conftest.c
conftest.c:9:10: fatal error: 'ac_nonexistent.h' file not found
#include <ac_nonexistent.h>
         ^
1 error generated.
configure:5720: $? = 1
configure: failed program was:
| /* confdefs.h.  */
| #define PACKAGE_NAME ""
| #define PACKAGE_TARNAME ""
| #define PACKAGE_VERSION ""
| #define PACKAGE_STRING ""
| #define PACKAGE_BUGREPORT ""
| #define HAVE_MPI_OFFSET 1
| /* end confdefs.h.  */
| #include <ac_nonexistent.h>
configure:5760: checking for grep that handles long lines and -e
configure:5820: result: /usr/bin/grep
configure:5825: checking for egrep
configure:5889: result: /usr/bin/grep -E
configure:5894: checking for ANSI C header files
configure:5924: gcc -c -O3 -DNDEBUG -finline-functions -fno-strict-aliasing   -D_REENTRANT conftest.c >&5
configure:5931: $? = 0
configure:6030: gcc -o conftest -O3 -DNDEBUG -finline-functions -fno-strict-aliasing   -D_REENTRANT   conftest.c -lutil   >&5
configure:6034: $? = 0
configure:6040: ./conftest
configure:6044: $? = 0
configure:6062: result: yes
configure:6086: checking for sys/types.h
configure:6107: gcc -c -O3 -DNDEBUG -finline-functions -fno-strict-aliasing   -D_REENTRANT conftest.c >&5
configure:6114: $? = 0
configure:6131: result: yes
configure:6086: checking for sys/stat.h
configure:6107: gcc -c -O3 -DNDEBUG -finline-functions -fno-strict-aliasing   -D_REENTRANT conftest.c >&5
configure:6114: $? = 0
configure:6131: result: yes
configure:6086: checking for stdlib.h
configure:6107: gcc -c -O3 -DNDEBUG -finline-functions -fno-strict-aliasing   -D_REENTRANT conftest.c >&5
configure:6114: $? = 0
configure:6131: result: yes
configure:6086: checking for string.h
configure:6107: gcc -c -O3 -DNDEBUG -finline-functions -fno-strict-aliasing   -D_REENTRANT conftest.c >&5
configure:6114: $? = 0
configure:6131: result: yes
configure:6086: checking for memory.h
configure:6107: gcc -c -O3 -DNDEBUG -finline-functions -fno-strict-aliasing   -D_REENTRANT conftest.c >&5
configure:6114: $? = 0
configure:6131: result: yes
configure:6086: checking for strings.h
configure:6107: gcc -c -O3 -DNDEBUG -finline-functions -fno-strict-aliasing   -D_REENTRANT conftest.c >&5
configure:6114: $? = 0
configure:6131: result: yes
configure:6086: checking for inttypes.h
configure:6107: gcc -c -O3 -DNDEBUG -finline-functions -fno-strict-aliasing   -D_REENTRANT conftest.c >&5
configure:6114: $? = 0
configure:6131: result: yes
configure:6086: checking for stdint.h
configure:6107: gcc -c -O3 -DNDEBUG -finline-functions -fno-strict-aliasing   -D_REENTRANT conftest.c >&5
configure:6114: $? = 0
configure:6131: result: yes
configure:6086: checking for unistd.h
configure:6107: gcc -c -O3 -DNDEBUG -finline-functions -fno-strict-aliasing   -D_REENTRANT conftest.c >&5
configure:6114: $? = 0
configure:6131: result: yes
configure:6153: checking for unistd.h
configure:6160: result: yes
configure:6164: checking fcntl.h usability
configure:6181: gcc -c -O3 -DNDEBUG -finline-functions -fno-strict-aliasing   -D_REENTRANT conftest.c >&5
configure:6188: $? = 0
configure:6202: result: yes
configure:6206: checking fcntl.h presence
configure:6221: gcc -E  -D_REENTRANT conftest.c
configure:6228: $? = 0
configure:6242: result: yes
configure:6270: checking for fcntl.h
configure:6279: result: yes
configure:6164: checking malloc.h usability
configure:6181: gcc -c -O3 -DNDEBUG -finline-functions -fno-strict-aliasing   -D_REENTRANT conftest.c >&5
conftest.c:54:10: fatal error: 'malloc.h' file not found
#include <malloc.h>
         ^
1 error generated.
configure:6188: $? = 1
configure: failed program was:
| /* confdefs.h.  */
| #define PACKAGE_NAME ""
| #define PACKAGE_TARNAME ""
| #define PACKAGE_VERSION ""
| #define PACKAGE_STRING ""
| #define PACKAGE_BUGREPORT ""
| #define HAVE_MPI_OFFSET 1
| #define STDC_HEADERS 1
| #define HAVE_SYS_TYPES_H 1
| #define HAVE_SYS_STAT_H 1
| #define HAVE_STDLIB_H 1
| #define HAVE_STRING_H 1
| #define HAVE_MEMORY_H 1
| #define HAVE_STRINGS_H 1
| #define HAVE_INTTYPES_H 1
| #define HAVE_STDINT_H 1
| #define HAVE_UNISTD_H 1
| #define HAVE_UNISTD_H 1
| #define HAVE_FCNTL_H 1
| /* end confdefs.h.  */
| #include <stdio.h>
| #ifdef HAVE_SYS_TYPES_H
| # include <sys/types.h>
| #endif
| #ifdef HAVE_SYS_STAT_H
| # include <sys/stat.h>
| #endif
| #ifdef STDC_HEADERS
| # include <stdlib.h>
| # include <stddef.h>
| #else
| # ifdef HAVE_STDLIB_H
| #  include <stdlib.h>
| # endif
| #endif
| #ifdef HAVE_STRING_H
| # if !defined STDC_HEADERS && defined HAVE_MEMORY_H
| #  include <memory.h>
| # endif
| # include <string.h>
| #endif
| #ifdef HAVE_STRINGS_H
| # include <strings.h>
| #endif
| #ifdef HAVE_INTTYPES_H
| # include <inttypes.h>
| #endif
| #ifdef HAVE_STDINT_H
| # include <stdint.h>
| #endif
| #ifdef HAVE_UNISTD_H
| # include <unistd.h>
| #endif
| #include <malloc.h>
configure:6202: result: no
configure:6206: checking malloc.h presence
configure:6221: gcc -E  -D_REENTRANT conftest.c
conftest.c:21:10: fatal error: 'malloc.h' file not found
#include <malloc.h>
         ^
1 error generated.
configure:6228: $? = 1
configure: failed program was:
| /* confdefs.h.  */
| #define PACKAGE_NAME ""
| #define PACKAGE_TARNAME ""
| #define PACKAGE_VERSION ""
| #define PACKAGE_STRING ""
| #define PACKAGE_BUGREPORT ""
| #define HAVE_MPI_OFFSET 1
| #define STDC_HEADERS 1
| #define HAVE_SYS_TYPES_H 1
| #define HAVE_SYS_STAT_H 1
| #define HAVE_STDLIB_H 1
| #define HAVE_STRING_H 1
| #define HAVE_MEMORY_H 1
| #define HAVE_STRINGS_H 1
| #define HAVE_INTTYPES_H 1
| #define HAVE_STDINT_H 1
| #define HAVE_UNISTD_H 1
| #define HAVE_UNISTD_H 1
| #define HAVE_FCNTL_H 1
| /* end confdefs.h.  */
| #include <malloc.h>
configure:6242: result: no
configure:6270: checking for malloc.h
configure:6279: result: no
configure:6164: checking stddef.h usability
configure:6181: gcc -c -O3 -DNDEBUG -finline-functions -fno-strict-aliasing   -D_REENTRANT conftest.c >&5
configure:6188: $? = 0
configure:6202: result: yes
configure:6206: checking stddef.h presence
configure:6221: gcc -E  -D_REENTRANT conftest.c
configure:6228: $? = 0
configure:6242: result: yes
configure:6270: checking for stddef.h
configure:6279: result: yes
configure:6301: checking size of int
configure:6606: gcc -o conftest -O3 -DNDEBUG -finline-functions -fno-strict-aliasing   -D_REENTRANT   conftest.c -lutil   >&5
configure:6610: $? = 0
configure:6616: ./conftest
configure:6620: $? = 0
configure:6646: result: 4
configure:6660: checking size of void *
configure:6965: gcc -o conftest -O3 -DNDEBUG -finline-functions -fno-strict-aliasing   -D_REENTRANT   conftest.c -lutil   >&5
configure:6969: $? = 0
configure:6975: ./conftest
configure:6979: $? = 0
configure:7005: result: 8
configure:7015: checking for int large enough for pointers
configure:7031: result: no
configure:7053: checking size of long long
configure:7358: gcc -o conftest -O3 -DNDEBUG -finline-functions -fno-strict-aliasing   -D_REENTRANT   conftest.c -lutil   >&5
configure:7362: $? = 0
configure:7368: ./conftest
configure:7372: $? = 0
configure:7398: result: 8
configure:8206: checking whether struct flock compatible with MPI_Offset
configure:8233: gcc -c -O3 -DNDEBUG -finline-functions -fno-strict-aliasing   -D_REENTRANT conftest.c >&5
configure:8240: $? = 0
configure:8254: result: yes
configure:8345: checking for pvfs2-config
configure:8377: result: notfound
configure:8408: checking configured file systems
configure:8410: result: testfs ufs nfs
configure:8420: WARNING: File locks may not work with NFS.  See the Installation and
users manual for instructions on testing and if necessary fixing this
configure:10329: checking sys/vfs.h usability
configure:10346: gcc -c -O3 -DNDEBUG -finline-functions -fno-strict-aliasing   -D_REENTRANT conftest.c >&5
conftest.c:65:10: fatal error: 'sys/vfs.h' file not found
#include <sys/vfs.h>
         ^
1 error generated.
configure:10353: $? = 1
configure: failed program was:
| /* confdefs.h.  */
| #define PACKAGE_NAME ""
| #define PACKAGE_TARNAME ""
| #define PACKAGE_VERSION ""
| #define PACKAGE_STRING ""
| #define PACKAGE_BUGREPORT ""
| #define HAVE_MPI_OFFSET 1
| #define STDC_HEADERS 1
| #define HAVE_SYS_TYPES_H 1
| #define HAVE_SYS_STAT_H 1
| #define HAVE_STDLIB_H 1
| #define HAVE_STRING_H 1
| #define HAVE_MEMORY_H 1
| #define HAVE_STRINGS_H 1
| #define HAVE_INTTYPES_H 1
| #define HAVE_STDINT_H 1
| #define HAVE_UNISTD_H 1
| #define HAVE_UNISTD_H 1
| #define HAVE_FCNTL_H 1
| #define HAVE_STDDEF_H 1
| #define SIZEOF_INT 4
| #define SIZEOF_VOID_P 8
| #define INT_LT_POINTER 1
| #define HAVE_INT_LT_POINTER 1
| #define SIZEOF_LONG_LONG 8
| #define HAVE_LONG_LONG_64 1
| #define HAVE_MPI_INFO 1
| #define ROMIO_NFS 1
| #define ROMIO_UFS 1
| #define ROMIO_TESTFS 1
| /* end confdefs.h.  */
| #include <stdio.h>
| #ifdef HAVE_SYS_TYPES_H
| # include <sys/types.h>
| #endif
| #ifdef HAVE_SYS_STAT_H
| # include <sys/stat.h>
| #endif
| #ifdef STDC_HEADERS
| # include <stdlib.h>
| # include <stddef.h>
| #else
| # ifdef HAVE_STDLIB_H
| #  include <stdlib.h>
| # endif
| #endif
| #ifdef HAVE_STRING_H
| # if !defined STDC_HEADERS && defined HAVE_MEMORY_H
| #  include <memory.h>
| # endif
| # include <string.h>
| #endif
| #ifdef HAVE_STRINGS_H
| # include <strings.h>
| #endif
| #ifdef HAVE_INTTYPES_H
| # include <inttypes.h>
| #endif
| #ifdef HAVE_STDINT_H
| # include <stdint.h>
| #endif
| #ifdef HAVE_UNISTD_H
| # include <unistd.h>
| #endif
| #include <sys/vfs.h>
configure:10367: result: no
configure:10371: checking sys/vfs.h presence
configure:10386: gcc -E  -D_REENTRANT conftest.c
conftest.c:32:10: fatal error: 'sys/vfs.h' file not found
#include <sys/vfs.h>
         ^
1 error generated.
configure:10393: $? = 1
configure: failed program was:
| /* confdefs.h.  */
| #define PACKAGE_NAME ""
| #define PACKAGE_TARNAME ""
| #define PACKAGE_VERSION ""
| #define PACKAGE_STRING ""
| #define PACKAGE_BUGREPORT ""
| #define HAVE_MPI_OFFSET 1
| #define STDC_HEADERS 1
| #define HAVE_SYS_TYPES_H 1
| #define HAVE_SYS_STAT_H 1
| #define HAVE_STDLIB_H 1
| #define HAVE_STRING_H 1
| #define HAVE_MEMORY_H 1
| #define HAVE_STRINGS_H 1
| #define HAVE_INTTYPES_H 1
| #define HAVE_STDINT_H 1
| #define HAVE_UNISTD_H 1
| #define HAVE_UNISTD_H 1
| #define HAVE_FCNTL_H 1
| #define HAVE_STDDEF_H 1
| #define SIZEOF_INT 4
| #define SIZEOF_VOID_P 8
| #define INT_LT_POINTER 1
| #define HAVE_INT_LT_POINTER 1
| #define SIZEOF_LONG_LONG 8
| #define HAVE_LONG_LONG_64 1
| #define HAVE_MPI_INFO 1
| #define ROMIO_NFS 1
| #define ROMIO_UFS 1
| #define ROMIO_TESTFS 1
| /* end confdefs.h.  */
| #include <sys/vfs.h>
configure:10407: result: no
configure:10435: checking for sys/vfs.h
configure:10444: result: no
configure:10329: checking sys/param.h usability
configure:10346: gcc -c -O3 -DNDEBUG -finline-functions -fno-strict-aliasing   -D_REENTRANT conftest.c >&5
configure:10353: $? = 0
configure:10367: result: yes
configure:10371: checking sys/param.h presence
configure:10386: gcc -E  -D_REENTRANT conftest.c
configure:10393: $? = 0
configure:10407: result: yes
configure:10435: checking for sys/param.h
configure:10444: result: yes
configure:10329: checking sys/mount.h usability
configure:10346: gcc -c -O3 -DNDEBUG -finline-functions -fno-strict-aliasing   -D_REENTRANT conftest.c >&5
configure:10353: $? = 0
configure:10367: result: yes
configure:10371: checking sys/mount.h presence
configure:10386: gcc -E  -D_REENTRANT conftest.c
configure:10393: $? = 0
configure:10407: result: yes
configure:10435: checking for sys/mount.h
configure:10444: result: yes
configure:10329: checking sys/statvfs.h usability
configure:10346: gcc -c -O3 -DNDEBUG -finline-functions -fno-strict-aliasing   -D_REENTRANT conftest.c >&5
configure:10353: $? = 0
configure:10367: result: yes
configure:10371: checking sys/statvfs.h presence
configure:10386: gcc -E  -D_REENTRANT conftest.c
configure:10393: $? = 0
configure:10407: result: yes
configure:10435: checking for sys/statvfs.h
configure:10444: result: yes
configure:10463: checking for statfs
configure:10519: gcc -o conftest -O3 -DNDEBUG -finline-functions -fno-strict-aliasing   -D_REENTRANT   conftest.c -lutil   >&5
configure:10526: $? = 0
configure:10548: result: yes
configure:10560: checking whether struct statfs properly defined
configure:10598: gcc -c -O3 -DNDEBUG -finline-functions -fno-strict-aliasing   -D_REENTRANT conftest.c >&5
configure:10605: $? = 0
configure:10620: result: yes
configure:10634: checking for f_fstypename member of statfs structure
configure:10665: gcc -c -O3 -DNDEBUG -finline-functions -fno-strict-aliasing   -D_REENTRANT conftest.c >&5
configure:10672: $? = 0
configure:10687: result: yes
configure:10707: checking for sys/stat.h
configure:10714: result: yes
configure:10707: checking for sys/types.h
configure:10714: result: yes
configure:10707: checking for unistd.h
configure:10714: result: yes
configure:10852: checking for stat
configure:10908: gcc -o conftest -O3 -DNDEBUG -finline-functions -fno-strict-aliasing   -D_REENTRANT   conftest.c -lutil   >&5
configure:10915: $? = 0
configure:10937: result: yes
configure:10950: checking for st_fstype member of stat structure
configure:10987: gcc -c -O3 -DNDEBUG -finline-functions -fno-strict-aliasing   -D_REENTRANT conftest.c >&5
conftest.c:60:4: error: no member named 'st_fstype' in 'struct stat'
        s.st_fstype = NULL;
        ~ ^
1 error generated.
configure:10994: $? = 1
configure: failed program was:
| /* confdefs.h.  */
| #define PACKAGE_NAME ""
| #define PACKAGE_TARNAME ""
| #define PACKAGE_VERSION ""
| #define PACKAGE_STRING ""
| #define PACKAGE_BUGREPORT ""
| #define HAVE_MPI_OFFSET 1
| #define STDC_HEADERS 1
| #define HAVE_SYS_TYPES_H 1
| #define HAVE_SYS_STAT_H 1
| #define HAVE_STDLIB_H 1
| #define HAVE_STRING_H 1
| #define HAVE_MEMORY_H 1
| #define HAVE_STRINGS_H 1
| #define HAVE_INTTYPES_H 1
| #define HAVE_STDINT_H 1
| #define HAVE_UNISTD_H 1
| #define HAVE_UNISTD_H 1
| #define HAVE_FCNTL_H 1
| #define HAVE_STDDEF_H 1
| #define SIZEOF_INT 4
| #define SIZEOF_VOID_P 8
| #define INT_LT_POINTER 1
| #define HAVE_INT_LT_POINTER 1
| #define SIZEOF_LONG_LONG 8
| #define HAVE_LONG_LONG_64 1
| #define HAVE_MPI_INFO 1
| #define ROMIO_NFS 1
| #define ROMIO_UFS 1
| #define ROMIO_TESTFS 1
| #define HAVE_SYS_PARAM_H 1
| #define HAVE_SYS_MOUNT_H 1
| #define HAVE_SYS_STATVFS_H 1
| #define HAVE_STATFS 1
| #define HAVE_STRUCT_STATFS 1
| #define ROMIO_HAVE_STRUCT_STATFS_WITH_F_FSTYPENAME 1
| #define HAVE_SYS_STAT_H 1
| #define HAVE_SYS_TYPES_H 1
| #define HAVE_UNISTD_H 1
| #define HAVE_STAT 1
| #define HAVE_STAT 1
| /* end confdefs.h.  */
| 
| #ifdef HAVE_SYS_TYPES_H
| #include <sys/types.h>
| #endif
| #ifdef HAVE_SYS_STAT_H
| #include <sys/stat.h>
| #endif
| #ifdef HAVE_UNISTD_H
| #include <unistd.h>
| #endif
| 
| int
| main ()
| {
| 
| 	struct stat s;
| 
| 	s.st_fstype = NULL;
| 
|   ;
|   return 0;
| }
configure:11010: result: no
configure:11031: checking for sys/types.h
configure:11038: result: yes
configure:11031: checking for sys/statvfs.h
configure:11038: result: yes
configure:11031: checking for sys/vfs.h
configure:11038: result: no
configure:11176: checking for statvfs
configure:11232: gcc -o conftest -O3 -DNDEBUG -finline-functions -fno-strict-aliasing   -D_REENTRANT   conftest.c -lutil   >&5
configure:11239: $? = 0
configure:11261: result: yes
configure:11274: checking for f_basetype member of statvfs structure
configure:11311: gcc -c -O3 -DNDEBUG -finline-functions -fno-strict-aliasing   -D_REENTRANT conftest.c >&5
conftest.c:61:1: error: expected expression
[
^
1 error generated.
configure:11318: $? = 1
configure: failed program was:
| /* confdefs.h.  */
| #define PACKAGE_NAME ""
| #define PACKAGE_TARNAME ""
| #define PACKAGE_VERSION ""
| #define PACKAGE_STRING ""
| #define PACKAGE_BUGREPORT ""
| #define HAVE_MPI_OFFSET 1
| #define STDC_HEADERS 1
| #define HAVE_SYS_TYPES_H 1
| #define HAVE_SYS_STAT_H 1
| #define HAVE_STDLIB_H 1
| #define HAVE_STRING_H 1
| #define HAVE_MEMORY_H 1
| #define HAVE_STRINGS_H 1
| #define HAVE_INTTYPES_H 1
| #define HAVE_STDINT_H 1
| #define HAVE_UNISTD_H 1
| #define HAVE_UNISTD_H 1
| #define HAVE_FCNTL_H 1
| #define HAVE_STDDEF_H 1
| #define SIZEOF_INT 4
| #define SIZEOF_VOID_P 8
| #define INT_LT_POINTER 1
| #define HAVE_INT_LT_POINTER 1
| #define SIZEOF_LONG_LONG 8
| #define HAVE_LONG_LONG_64 1
| #define HAVE_MPI_INFO 1
| #define ROMIO_NFS 1
| #define ROMIO_UFS 1
| #define ROMIO_TESTFS 1
| #define HAVE_SYS_PARAM_H 1
| #define HAVE_SYS_MOUNT_H 1
| #define HAVE_SYS_STATVFS_H 1
| #define HAVE_STATFS 1
| #define HAVE_STRUCT_STATFS 1
| #define ROMIO_HAVE_STRUCT_STATFS_WITH_F_FSTYPENAME 1
| #define HAVE_SYS_STAT_H 1
| #define HAVE_SYS_TYPES_H 1
| #define HAVE_UNISTD_H 1
| #define HAVE_STAT 1
| #define HAVE_STAT 1
| #define HAVE_SYS_TYPES_H 1
| #define HAVE_SYS_STATVFS_H 1
| #define HAVE_STATVFS 1
| #define HAVE_STATVFS 1
| /* end confdefs.h.  */
| 
| #ifdef HAVE_SYS_TYPES_H
| #include <sys/types.h>
| #endif
| #ifdef HAVE_SYS_VFS_H
| #include <sys/vfs.h>
| #endif
| #ifdef HAVE_SYS_STATVFS_H
| #include <sys/statvfs.h>
| #endif
| 
| int
| main ()
| {
| [
| 	struct statvfs foo;
| 
| 	foo.f_basetype[0] = 'a';
| 	]
|   ;
|   return 0;
| }
configure:11334: result: no
configure:11355: checking for unistd.h
configure:11362: result: yes
configure:11497: checking for large file defines
configure:11530: gcc -c -O3 -DNDEBUG -finline-functions -fno-strict-aliasing   -D_REENTRANT conftest.c >&5
conftest.c:56:2: error: no largefile defines
#error no largefile defines
 ^
1 error generated.
configure:11537: $? = 1
configure: failed program was:
| /* confdefs.h.  */
| #define PACKAGE_NAME ""
| #define PACKAGE_TARNAME ""
| #define PACKAGE_VERSION ""
| #define PACKAGE_STRING ""
| #define PACKAGE_BUGREPORT ""
| #define HAVE_MPI_OFFSET 1
| #define STDC_HEADERS 1
| #define HAVE_SYS_TYPES_H 1
| #define HAVE_SYS_STAT_H 1
| #define HAVE_STDLIB_H 1
| #define HAVE_STRING_H 1
| #define HAVE_MEMORY_H 1
| #define HAVE_STRINGS_H 1
| #define HAVE_INTTYPES_H 1
| #define HAVE_STDINT_H 1
| #define HAVE_UNISTD_H 1
| #define HAVE_UNISTD_H 1
| #define HAVE_FCNTL_H 1
| #define HAVE_STDDEF_H 1
| #define SIZEOF_INT 4
| #define SIZEOF_VOID_P 8
| #define INT_LT_POINTER 1
| #define HAVE_INT_LT_POINTER 1
| #define SIZEOF_LONG_LONG 8
| #define HAVE_LONG_LONG_64 1
| #define HAVE_MPI_INFO 1
| #define ROMIO_NFS 1
| #define ROMIO_UFS 1
| #define ROMIO_TESTFS 1
| #define HAVE_SYS_PARAM_H 1
| #define HAVE_SYS_MOUNT_H 1
| #define HAVE_SYS_STATVFS_H 1
| #define HAVE_STATFS 1
| #define HAVE_STRUCT_STATFS 1
| #define ROMIO_HAVE_STRUCT_STATFS_WITH_F_FSTYPENAME 1
| #define HAVE_SYS_STAT_H 1
| #define HAVE_SYS_TYPES_H 1
| #define HAVE_UNISTD_H 1
| #define HAVE_STAT 1
| #define HAVE_STAT 1
| #define HAVE_SYS_TYPES_H 1
| #define HAVE_SYS_STATVFS_H 1
| #define HAVE_STATVFS 1
| #define HAVE_STATVFS 1
| #define HAVE_UNISTD_H 1
| /* end confdefs.h.  */
| 
| #include <unistd.h>
| 
| int
| main ()
| {
| 
| #ifndef _LFS64_LARGEFILE
| #error no largefile defines
| #endif
| 
|   ;
|   return 0;
| }
configure:11552: result: no
configure:11698: checking for strerror
configure:11754: gcc -o conftest -O3 -DNDEBUG -finline-functions -fno-strict-aliasing   -D_REENTRANT   conftest.c -lutil   >&5
conftest.c:71:6: warning: incompatible redeclaration of library function 'strerror' [-Wincompatible-library-redeclaration]
char strerror ();
     ^
conftest.c:71:6: note: 'strerror' is a builtin with type 'char *(int)'
1 warning generated.
configure:11761: $? = 0
configure:11783: result: yes
configure:11880: checking for doctext
configure:11910: result: no
configure:12209: checking for strdup
configure:12265: gcc -o conftest -O3 -DNDEBUG -finline-functions -fno-strict-aliasing   -D_REENTRANT   conftest.c -lutil   >&5
conftest.c:75:6: warning: incompatible redeclaration of library function 'strdup' [-Wincompatible-library-redeclaration]
char strdup ();
     ^
conftest.c:75:6: note: 'strdup' is a builtin with type 'char *(const char *)'
1 warning generated.
configure:12272: $? = 0
configure:12294: result: yes
configure:12309: checking whether strdup needs a declaration
configure:12336: gcc -c -O3 -DNDEBUG -finline-functions -fno-strict-aliasing   -D_REENTRANT conftest.c >&5
conftest.c:57:18: error: too many arguments to function call, expected 1, have 4
int a=strdup(1.0,27,1.0,"foo");
      ~~~~~~     ^~~~~~~~~~~~
1 error generated.
configure:12343: $? = 1
configure: failed program was:
| /* confdefs.h.  */
| #define PACKAGE_NAME ""
| #define PACKAGE_TARNAME ""
| #define PACKAGE_VERSION ""
| #define PACKAGE_STRING ""
| #define PACKAGE_BUGREPORT ""
| #define HAVE_MPI_OFFSET 1
| #define STDC_HEADERS 1
| #define HAVE_SYS_TYPES_H 1
| #define HAVE_SYS_STAT_H 1
| #define HAVE_STDLIB_H 1
| #define HAVE_STRING_H 1
| #define HAVE_MEMORY_H 1
| #define HAVE_STRINGS_H 1
| #define HAVE_INTTYPES_H 1
| #define HAVE_STDINT_H 1
| #define HAVE_UNISTD_H 1
| #define HAVE_UNISTD_H 1
| #define HAVE_FCNTL_H 1
| #define HAVE_STDDEF_H 1
| #define SIZEOF_INT 4
| #define SIZEOF_VOID_P 8
| #define INT_LT_POINTER 1
| #define HAVE_INT_LT_POINTER 1
| #define SIZEOF_LONG_LONG 8
| #define HAVE_LONG_LONG_64 1
| #define HAVE_MPI_INFO 1
| #define ROMIO_NFS 1
| #define ROMIO_UFS 1
| #define ROMIO_TESTFS 1
| #define HAVE_SYS_PARAM_H 1
| #define HAVE_SYS_MOUNT_H 1
| #define HAVE_SYS_STATVFS_H 1
| #define HAVE_STATFS 1
| #define HAVE_STRUCT_STATFS 1
| #define ROMIO_HAVE_STRUCT_STATFS_WITH_F_FSTYPENAME 1
| #define HAVE_SYS_STAT_H 1
| #define HAVE_SYS_TYPES_H 1
| #define HAVE_UNISTD_H 1
| #define HAVE_STAT 1
| #define HAVE_STAT 1
| #define HAVE_SYS_TYPES_H 1
| #define HAVE_SYS_STATVFS_H 1
| #define HAVE_STATVFS 1
| #define HAVE_STATVFS 1
| #define HAVE_UNISTD_H 1
| #define HAVE_STRERROR 1
| #define HAVE_STATUS_SET_BYTES 1
| #define HAVE_MPI_DARRAY_SUBARRAY 1
| #define MPIO_BUILD_PROFILING 1
| #define HAVE_STRDUP 1
| /* end confdefs.h.  */
| #include <string.h>
| int
| main ()
| {
| int a=strdup(1.0,27,1.0,"foo");
|   ;
|   return 0;
| }
configure:12358: result: no
configure:12374: checking for snprintf
configure:12430: gcc -o conftest -O3 -DNDEBUG -finline-functions -fno-strict-aliasing   -D_REENTRANT   conftest.c -lutil   >&5
conftest.c:76:6: warning: incompatible redeclaration of library function 'snprintf' [-Wincompatible-library-redeclaration]
char snprintf ();
     ^
conftest.c:76:6: note: 'snprintf' is a builtin with type 'int (char *, unsigned long, const char *, ...)'
1 warning generated.
configure:12437: $? = 0
configure:12459: result: yes
configure:12474: checking whether snprintf needs a declaration
configure:12501: gcc -c -O3 -DNDEBUG -finline-functions -fno-strict-aliasing   -D_REENTRANT conftest.c >&5
conftest.c:58:16: error: passing 'double' to parameter of incompatible type 'const void *'
int a=snprintf(1.0,27,1.0,"foo");
               ^~~
/usr/include/secure/_stdio.h:57:56: note: expanded from macro 'snprintf'
  __builtin___snprintf_chk (str, len, 0, __darwin_obsz(str), __VA_ARGS__)
                                                       ^
/usr/include/secure/_common.h:39:54: note: expanded from macro '__darwin_obsz'
#define __darwin_obsz(object) __builtin_object_size (object, _USE_FORTIFY_LEVEL > 1 ? 1 : 0)
                                                     ^
1 error generated.
configure:12508: $? = 1
configure: failed program was:
| /* confdefs.h.  */
| #define PACKAGE_NAME ""
| #define PACKAGE_TARNAME ""
| #define PACKAGE_VERSION ""
| #define PACKAGE_STRING ""
| #define PACKAGE_BUGREPORT ""
| #define HAVE_MPI_OFFSET 1
| #define STDC_HEADERS 1
| #define HAVE_SYS_TYPES_H 1
| #define HAVE_SYS_STAT_H 1
| #define HAVE_STDLIB_H 1
| #define HAVE_STRING_H 1
| #define HAVE_MEMORY_H 1
| #define HAVE_STRINGS_H 1
| #define HAVE_INTTYPES_H 1
| #define HAVE_STDINT_H 1
| #define HAVE_UNISTD_H 1
| #define HAVE_UNISTD_H 1
| #define HAVE_FCNTL_H 1
| #define HAVE_STDDEF_H 1
| #define SIZEOF_INT 4
| #define SIZEOF_VOID_P 8
| #define INT_LT_POINTER 1
| #define HAVE_INT_LT_POINTER 1
| #define SIZEOF_LONG_LONG 8
| #define HAVE_LONG_LONG_64 1
| #define HAVE_MPI_INFO 1
| #define ROMIO_NFS 1
| #define ROMIO_UFS 1
| #define ROMIO_TESTFS 1
| #define HAVE_SYS_PARAM_H 1
| #define HAVE_SYS_MOUNT_H 1
| #define HAVE_SYS_STATVFS_H 1
| #define HAVE_STATFS 1
| #define HAVE_STRUCT_STATFS 1
| #define ROMIO_HAVE_STRUCT_STATFS_WITH_F_FSTYPENAME 1
| #define HAVE_SYS_STAT_H 1
| #define HAVE_SYS_TYPES_H 1
| #define HAVE_UNISTD_H 1
| #define HAVE_STAT 1
| #define HAVE_STAT 1
| #define HAVE_SYS_TYPES_H 1
| #define HAVE_SYS_STATVFS_H 1
| #define HAVE_STATVFS 1
| #define HAVE_STATVFS 1
| #define HAVE_UNISTD_H 1
| #define HAVE_STRERROR 1
| #define HAVE_STATUS_SET_BYTES 1
| #define HAVE_MPI_DARRAY_SUBARRAY 1
| #define MPIO_BUILD_PROFILING 1
| #define HAVE_STRDUP 1
| #define HAVE_SNPRINTF 1
| /* end confdefs.h.  */
| #include <stdio.h>
| int
| main ()
| {
| int a=snprintf(1.0,27,1.0,"foo");
|   ;
|   return 0;
| }
configure:12523: result: no
configure:12539: checking for lstat
configure:12595: gcc -o conftest -O3 -DNDEBUG -finline-functions -fno-strict-aliasing   -D_REENTRANT   conftest.c -lutil   >&5
configure:12602: $? = 0
configure:12624: result: yes
configure:12639: checking whether lstat needs a declaration
configure:12666: gcc -c -O3 -DNDEBUG -finline-functions -fno-strict-aliasing   -D_REENTRANT conftest.c >&5
conftest.c:59:7: warning: implicit declaration of function 'lstat' is invalid in C99 [-Wimplicit-function-declaration]
int a=lstat(1.0,27,1.0,"foo");
      ^
1 warning generated.
configure:12673: $? = 0
configure:12688: result: yes
configure:12704: checking for readlink
configure:12760: gcc -o conftest -O3 -DNDEBUG -finline-functions -fno-strict-aliasing   -D_REENTRANT   conftest.c -lutil   >&5
configure:12767: $? = 0
configure:12789: result: yes
configure:12804: checking whether readlink needs a declaration
configure:12831: gcc -c -O3 -DNDEBUG -finline-functions -fno-strict-aliasing   -D_REENTRANT conftest.c >&5
conftest.c:61:27: error: too many arguments to function call, expected 3, have 4
int a=readlink(1.0,27,1.0,"foo");
      ~~~~~~~~            ^~~~~
/usr/include/unistd.h:621:1: note: 'readlink' declared here
ssize_t  readlink(const char * __restrict, char * __restrict, size_t);
^
1 error generated.
configure:12838: $? = 1
configure: failed program was:
| /* confdefs.h.  */
| #define PACKAGE_NAME ""
| #define PACKAGE_TARNAME ""
| #define PACKAGE_VERSION ""
| #define PACKAGE_STRING ""
| #define PACKAGE_BUGREPORT ""
| #define HAVE_MPI_OFFSET 1
| #define STDC_HEADERS 1
| #define HAVE_SYS_TYPES_H 1
| #define HAVE_SYS_STAT_H 1
| #define HAVE_STDLIB_H 1
| #define HAVE_STRING_H 1
| #define HAVE_MEMORY_H 1
| #define HAVE_STRINGS_H 1
| #define HAVE_INTTYPES_H 1
| #define HAVE_STDINT_H 1
| #define HAVE_UNISTD_H 1
| #define HAVE_UNISTD_H 1
| #define HAVE_FCNTL_H 1
| #define HAVE_STDDEF_H 1
| #define SIZEOF_INT 4
| #define SIZEOF_VOID_P 8
| #define INT_LT_POINTER 1
| #define HAVE_INT_LT_POINTER 1
| #define SIZEOF_LONG_LONG 8
| #define HAVE_LONG_LONG_64 1
| #define HAVE_MPI_INFO 1
| #define ROMIO_NFS 1
| #define ROMIO_UFS 1
| #define ROMIO_TESTFS 1
| #define HAVE_SYS_PARAM_H 1
| #define HAVE_SYS_MOUNT_H 1
| #define HAVE_SYS_STATVFS_H 1
| #define HAVE_STATFS 1
| #define HAVE_STRUCT_STATFS 1
| #define ROMIO_HAVE_STRUCT_STATFS_WITH_F_FSTYPENAME 1
| #define HAVE_SYS_STAT_H 1
| #define HAVE_SYS_TYPES_H 1
| #define HAVE_UNISTD_H 1
| #define HAVE_STAT 1
| #define HAVE_STAT 1
| #define HAVE_SYS_TYPES_H 1
| #define HAVE_SYS_STATVFS_H 1
| #define HAVE_STATVFS 1
| #define HAVE_STATVFS 1
| #define HAVE_UNISTD_H 1
| #define HAVE_STRERROR 1
| #define HAVE_STATUS_SET_BYTES 1
| #define HAVE_MPI_DARRAY_SUBARRAY 1
| #define MPIO_BUILD_PROFILING 1
| #define HAVE_STRDUP 1
| #define HAVE_SNPRINTF 1
| #define HAVE_LSTAT 1
| #define NEEDS_LSTAT_DECL 1
| #define HAVE_READLINK 1
| /* end confdefs.h.  */
| #include <unistd.h>
| int
| main ()
| {
| int a=readlink(1.0,27,1.0,"foo");
|   ;
|   return 0;
| }
configure:12853: result: no
configure:12869: checking for fsync
configure:12925: gcc -o conftest -O3 -DNDEBUG -finline-functions -fno-strict-aliasing   -D_REENTRANT   conftest.c -lutil   >&5
configure:12932: $? = 0
configure:12954: result: yes
configure:12969: checking whether fsync needs a declaration
configure:12996: gcc -c -O3 -DNDEBUG -finline-functions -fno-strict-aliasing   -D_REENTRANT conftest.c >&5
conftest.c:62:17: error: too many arguments to function call, expected 1, have 4
int a=fsync(1.0,27,1.0,"foo");
      ~~~~~     ^~~~~~~~~~~~
/usr/include/unistd.h:603:1: note: 'fsync' declared here
int      fsync(int) __DARWIN_ALIAS_C(fsync);
^
1 error generated.
configure:13003: $? = 1
configure: failed program was:
| /* confdefs.h.  */
| #define PACKAGE_NAME ""
| #define PACKAGE_TARNAME ""
| #define PACKAGE_VERSION ""
| #define PACKAGE_STRING ""
| #define PACKAGE_BUGREPORT ""
| #define HAVE_MPI_OFFSET 1
| #define STDC_HEADERS 1
| #define HAVE_SYS_TYPES_H 1
| #define HAVE_SYS_STAT_H 1
| #define HAVE_STDLIB_H 1
| #define HAVE_STRING_H 1
| #define HAVE_MEMORY_H 1
| #define HAVE_STRINGS_H 1
| #define HAVE_INTTYPES_H 1
| #define HAVE_STDINT_H 1
| #define HAVE_UNISTD_H 1
| #define HAVE_UNISTD_H 1
| #define HAVE_FCNTL_H 1
| #define HAVE_STDDEF_H 1
| #define SIZEOF_INT 4
| #define SIZEOF_VOID_P 8
| #define INT_LT_POINTER 1
| #define HAVE_INT_LT_POINTER 1
| #define SIZEOF_LONG_LONG 8
| #define HAVE_LONG_LONG_64 1
| #define HAVE_MPI_INFO 1
| #define ROMIO_NFS 1
| #define ROMIO_UFS 1
| #define ROMIO_TESTFS 1
| #define HAVE_SYS_PARAM_H 1
| #define HAVE_SYS_MOUNT_H 1
| #define HAVE_SYS_STATVFS_H 1
| #define HAVE_STATFS 1
| #define HAVE_STRUCT_STATFS 1
| #define ROMIO_HAVE_STRUCT_STATFS_WITH_F_FSTYPENAME 1
| #define HAVE_SYS_STAT_H 1
| #define HAVE_SYS_TYPES_H 1
| #define HAVE_UNISTD_H 1
| #define HAVE_STAT 1
| #define HAVE_STAT 1
| #define HAVE_SYS_TYPES_H 1
| #define HAVE_SYS_STATVFS_H 1
| #define HAVE_STATVFS 1
| #define HAVE_STATVFS 1
| #define HAVE_UNISTD_H 1
| #define HAVE_STRERROR 1
| #define HAVE_STATUS_SET_BYTES 1
| #define HAVE_MPI_DARRAY_SUBARRAY 1
| #define MPIO_BUILD_PROFILING 1
| #define HAVE_STRDUP 1
| #define HAVE_SNPRINTF 1
| #define HAVE_LSTAT 1
| #define NEEDS_LSTAT_DECL 1
| #define HAVE_READLINK 1
| #define HAVE_FSYNC 1
| /* end confdefs.h.  */
| #include <unistd.h>
| int
| main ()
| {
| int a=fsync(1.0,27,1.0,"foo");
|   ;
|   return 0;
| }
configure:13018: result: no
configure:13034: checking for ftruncate
configure:13090: gcc -o conftest -O3 -DNDEBUG -finline-functions -fno-strict-aliasing   -D_REENTRANT   conftest.c -lutil   >&5
configure:13097: $? = 0
configure:13119: result: yes
configure:13134: checking whether ftruncate needs a declaration
configure:13161: gcc -c -O3 -DNDEBUG -finline-functions -fno-strict-aliasing   -D_REENTRANT conftest.c >&5
conftest.c:63:24: error: too many arguments to function call, expected 2, have 4
int a=ftruncate(1.0,27,1.0,"foo");
      ~~~~~~~~~        ^~~~~~~~~
/usr/include/unistd.h:605:1: note: 'ftruncate' declared here
int      ftruncate(int, off_t);
^
1 error generated.
configure:13168: $? = 1
configure: failed program was:
| /* confdefs.h.  */
| #define PACKAGE_NAME ""
| #define PACKAGE_TARNAME ""
| #define PACKAGE_VERSION ""
| #define PACKAGE_STRING ""
| #define PACKAGE_BUGREPORT ""
| #define HAVE_MPI_OFFSET 1
| #define STDC_HEADERS 1
| #define HAVE_SYS_TYPES_H 1
| #define HAVE_SYS_STAT_H 1
| #define HAVE_STDLIB_H 1
| #define HAVE_STRING_H 1
| #define HAVE_MEMORY_H 1
| #define HAVE_STRINGS_H 1
| #define HAVE_INTTYPES_H 1
| #define HAVE_STDINT_H 1
| #define HAVE_UNISTD_H 1
| #define HAVE_UNISTD_H 1
| #define HAVE_FCNTL_H 1
| #define HAVE_STDDEF_H 1
| #define SIZEOF_INT 4
| #define SIZEOF_VOID_P 8
| #define INT_LT_POINTER 1
| #define HAVE_INT_LT_POINTER 1
| #define SIZEOF_LONG_LONG 8
| #define HAVE_LONG_LONG_64 1
| #define HAVE_MPI_INFO 1
| #define ROMIO_NFS 1
| #define ROMIO_UFS 1
| #define ROMIO_TESTFS 1
| #define HAVE_SYS_PARAM_H 1
| #define HAVE_SYS_MOUNT_H 1
| #define HAVE_SYS_STATVFS_H 1
| #define HAVE_STATFS 1
| #define HAVE_STRUCT_STATFS 1
| #define ROMIO_HAVE_STRUCT_STATFS_WITH_F_FSTYPENAME 1
| #define HAVE_SYS_STAT_H 1
| #define HAVE_SYS_TYPES_H 1
| #define HAVE_UNISTD_H 1
| #define HAVE_STAT 1
| #define HAVE_STAT 1
| #define HAVE_SYS_TYPES_H 1
| #define HAVE_SYS_STATVFS_H 1
| #define HAVE_STATVFS 1
| #define HAVE_STATVFS 1
| #define HAVE_UNISTD_H 1
| #define HAVE_STRERROR 1
| #define HAVE_STATUS_SET_BYTES 1
| #define HAVE_MPI_DARRAY_SUBARRAY 1
| #define MPIO_BUILD_PROFILING 1
| #define HAVE_STRDUP 1
| #define HAVE_SNPRINTF 1
| #define HAVE_LSTAT 1
| #define NEEDS_LSTAT_DECL 1
| #define HAVE_READLINK 1
| #define HAVE_FSYNC 1
| #define HAVE_FTRUNCATE 1
| /* end confdefs.h.  */
| #include <unistd.h>
| int
| main ()
| {
| int a=ftruncate(1.0,27,1.0,"foo");
|   ;
|   return 0;
| }
configure:13183: result: no
configure:13244: checking for unistd.h
configure:13251: result: yes
configure:13380: checking for large file defines
configure:13409: gcc -c -O3 -DNDEBUG -finline-functions -fno-strict-aliasing  -DHAVE_ROMIOCONF_H  -D_REENTRANT conftest.c >&5
conftest.c:68:18: error: no largefile defines
                #error no largefile defines
                 ^
1 error generated.
configure:13416: $? = 1
configure: failed program was:
| /* confdefs.h.  */
| #define PACKAGE_NAME ""
| #define PACKAGE_TARNAME ""
| #define PACKAGE_VERSION ""
| #define PACKAGE_STRING ""
| #define PACKAGE_BUGREPORT ""
| #define HAVE_MPI_OFFSET 1
| #define STDC_HEADERS 1
| #define HAVE_SYS_TYPES_H 1
| #define HAVE_SYS_STAT_H 1
| #define HAVE_STDLIB_H 1
| #define HAVE_STRING_H 1
| #define HAVE_MEMORY_H 1
| #define HAVE_STRINGS_H 1
| #define HAVE_INTTYPES_H 1
| #define HAVE_STDINT_H 1
| #define HAVE_UNISTD_H 1
| #define HAVE_UNISTD_H 1
| #define HAVE_FCNTL_H 1
| #define HAVE_STDDEF_H 1
| #define SIZEOF_INT 4
| #define SIZEOF_VOID_P 8
| #define INT_LT_POINTER 1
| #define HAVE_INT_LT_POINTER 1
| #define SIZEOF_LONG_LONG 8
| #define HAVE_LONG_LONG_64 1
| #define HAVE_MPI_INFO 1
| #define ROMIO_NFS 1
| #define ROMIO_UFS 1
| #define ROMIO_TESTFS 1
| #define HAVE_SYS_PARAM_H 1
| #define HAVE_SYS_MOUNT_H 1
| #define HAVE_SYS_STATVFS_H 1
| #define HAVE_STATFS 1
| #define HAVE_STRUCT_STATFS 1
| #define ROMIO_HAVE_STRUCT_STATFS_WITH_F_FSTYPENAME 1
| #define HAVE_SYS_STAT_H 1
| #define HAVE_SYS_TYPES_H 1
| #define HAVE_UNISTD_H 1
| #define HAVE_STAT 1
| #define HAVE_STAT 1
| #define HAVE_SYS_TYPES_H 1
| #define HAVE_SYS_STATVFS_H 1
| #define HAVE_STATVFS 1
| #define HAVE_STATVFS 1
| #define HAVE_UNISTD_H 1
| #define HAVE_STRERROR 1
| #define HAVE_STATUS_SET_BYTES 1
| #define HAVE_MPI_DARRAY_SUBARRAY 1
| #define MPIO_BUILD_PROFILING 1
| #define HAVE_STRDUP 1
| #define HAVE_SNPRINTF 1
| #define HAVE_LSTAT 1
| #define NEEDS_LSTAT_DECL 1
| #define HAVE_READLINK 1
| #define HAVE_FSYNC 1
| #define HAVE_FTRUNCATE 1
| #define HAVE_UNISTD_H 1
| /* end confdefs.h.  */
| 
|                 #include <unistd.h>
| 
| int
| main ()
| {
| 
|                 #ifndef _LFS64_LARGEFILE
|                 #error no largefile defines
|                 #endif
| 
|   ;
|   return 0;
| }
configure:13428: result: none
configure:13447: checking for C/C++ restrict keyword
configure:13482: gcc -c -O3 -DNDEBUG -finline-functions -fno-strict-aliasing  -DHAVE_ROMIOCONF_H  -D_REENTRANT conftest.c >&5
configure:13489: $? = 0
configure:13507: result: __restrict
configure:13526: checking whether __attribute__ allowed
configure:13553: gcc -c -O3 -DNDEBUG -finline-functions -fno-strict-aliasing  -DHAVE_ROMIOCONF_H  -D_REENTRANT conftest.c >&5
configure:13560: $? = 0
configure:13575: result: yes
configure:13577: checking whether __attribute__((format)) allowed
configure:13604: gcc -c -O3 -DNDEBUG -finline-functions -fno-strict-aliasing  -DHAVE_ROMIOCONF_H  -D_REENTRANT conftest.c >&5
configure:13611: $? = 0
configure:13626: result: yes
configure:13672: checking build system type
configure:13690: result: x86_64-apple-darwin14.0.0
configure:13712: checking host system type
configure:13727: result: x86_64-apple-darwin14.0.0
configure:13749: checking for a sed that does not truncate output
configure:13815: result: /usr/bin/sed
configure:13833: checking for fgrep
configure:13897: result: /usr/bin/grep -F
configure:13932: checking for ld used by gcc
configure:13999: result: /Library/Developer/CommandLineTools/usr/bin/ld
configure:14008: checking if the linker (/Library/Developer/CommandLineTools/usr/bin/ld) is GNU ld
configure:14023: result: no
configure:14035: checking for BSD- or MS-compatible name lister (nm)
configure:14084: result: /usr/bin/nm
configure:14202: checking the name lister (/usr/bin/nm) interface
configure:14209: gcc -c -O3 -DNDEBUG -finline-functions -fno-strict-aliasing  -DHAVE_ROMIOCONF_H -DHAVE_ROMIOCONF_H  -D_REENTRANT conftest.c >&5
configure:14212: /usr/bin/nm "conftest.o"
configure:14215: output
0000000000000000 S _some_variable
configure:14222: result: BSD nm
configure:14225: checking whether ln -s works
configure:14229: result: yes
configure:14237: checking the maximum length of command line arguments
configure:14357: result: 196608
configure:14374: checking whether the shell understands some XSI constructs
configure:14384: result: yes
configure:14388: checking whether the shell understands "+="
configure:14394: result: yes
configure:14429: checking for /Library/Developer/CommandLineTools/usr/bin/ld option to reload object files
configure:14436: result: -r
configure:14505: checking for objdump
configure:14535: result: no
configure:14564: checking how to recognize dependent libraries
configure:14760: result: pass_all
configure:14820: checking for ar
configure:14836: found /usr/bin/ar
configure:14847: result: ar
configure:14925: checking for strip
configure:14941: found /usr/bin/strip
configure:14952: result: strip
configure:15024: checking for ranlib
configure:15051: result: ranlib
configure:15141: checking command to parse /usr/bin/nm output from gcc object
configure:15259: gcc -c -O3 -DNDEBUG -finline-functions -fno-strict-aliasing  -DHAVE_ROMIOCONF_H -DHAVE_ROMIOCONF_H  -D_REENTRANT conftest.c >&5
configure:15262: $? = 0
configure:15266: /usr/bin/nm conftest.o \| sed -n -e 's/^.*[	 ]\([BCDEGRST][BCDEGRST]*\)[	 ][	 ]*\([_A-Za-z][_A-Za-z0-9]*\)$/\1 \2 \2/p' \> conftest.nm
configure:15269: $? = 0
cannot find nm_test_var in conftest.nm
configure:15259: gcc -c -O3 -DNDEBUG -finline-functions -fno-strict-aliasing  -DHAVE_ROMIOCONF_H -DHAVE_ROMIOCONF_H  -D_REENTRANT conftest.c >&5
configure:15262: $? = 0
configure:15266: /usr/bin/nm conftest.o \| sed -n -e 's/^.*[	 ]\([BCDEGRST][BCDEGRST]*\)[	 ][	 ]*_\([_A-Za-z][_A-Za-z0-9]*\)$/\1 _\2 \2/p' \> conftest.nm
configure:15269: $? = 0
configure:15323: gcc -o conftest -O3 -DNDEBUG -finline-functions -fno-strict-aliasing  -DHAVE_ROMIOCONF_H -DHAVE_ROMIOCONF_H  -D_REENTRANT   conftest.c conftstm.o >&5
configure:15326: $? = 0
configure:15364: result: ok
configure:15657: checking for dsymutil
configure:15673: found /usr/bin/dsymutil
configure:15684: result: dsymutil
configure:15749: checking for nmedit
configure:15765: found /usr/bin/nmedit
configure:15776: result: nmedit
configure:15841: checking for lipo
configure:15857: found /usr/bin/lipo
configure:15868: result: lipo
configure:15933: checking for otool
configure:15949: found /usr/bin/otool
configure:15960: result: otool
configure:16025: checking for otool64
configure:16055: result: no
configure:16100: checking for -single_module linker flag
gcc -O3 -DNDEBUG -finline-functions -fno-strict-aliasing  -DHAVE_ROMIOCONF_H -DHAVE_ROMIOCONF_H   -o libconftest.dylib -dynamiclib -Wl,-single_module conftest.c
configure:16127: result: yes
configure:16129: checking for -exported_symbols_list linker flag
configure:16159: gcc -o conftest -O3 -DNDEBUG -finline-functions -fno-strict-aliasing  -DHAVE_ROMIOCONF_H -DHAVE_ROMIOCONF_H  -D_REENTRANT   -Wl,-exported_symbols_list,conftest.sym conftest.c -lutil   >&5
configure:16166: $? = 0
configure:16188: result: yes
configure:16229: checking for dlfcn.h
configure:16250: gcc -c -O3 -DNDEBUG -finline-functions -fno-strict-aliasing  -DHAVE_ROMIOCONF_H -DHAVE_ROMIOCONF_H  -D_REENTRANT conftest.c >&5
configure:16257: $? = 0
configure:16274: result: yes
configure:16395: checking for Fortran 77 compiler version
configure:16403: : --version >&5
configure:16407: $? = 0
configure:16414: : -v >&5
configure:16418: $? = 0
configure:16425: : -V >&5
configure:16429: $? = 0
configure:16437: checking whether we are using the GNU Fortran 77 compiler
configure:16456: : -c  conftest.F >&5
configure:16463: $? = 0
configure: failed program was:
|       program main
| #ifndef __GNUC__
|        choke me
| #endif
| 
|       end
configure:16480: result: no
configure:16486: checking whether : accepts -g
configure:16503: : -c -g conftest.f >&5
configure:16510: $? = 0
configure: failed program was:
|       program main
| 
|       end
configure:16526: result: no
configure:16734: checking for objdir
configure:16749: result: .libs
configure:17041: checking if gcc supports -fno-rtti -fno-exceptions
configure:17059: gcc -c -O3 -DNDEBUG -finline-functions -fno-strict-aliasing  -DHAVE_ROMIOCONF_H -DHAVE_ROMIOCONF_H  -D_REENTRANT -fno-rtti -fno-exceptions conftest.c >&5
configure:17063: $? = 0
configure:17076: result: yes
configure:17096: checking for gcc option to produce PIC
configure:17368: result: -fno-common -DPIC
configure:17380: checking if gcc PIC flag -fno-common -DPIC works
configure:17398: gcc -c -O3 -DNDEBUG -finline-functions -fno-strict-aliasing  -DHAVE_ROMIOCONF_H -DHAVE_ROMIOCONF_H  -D_REENTRANT -fno-common -DPIC -DPIC conftest.c >&5
configure:17402: $? = 0
configure:17415: result: yes
configure:17439: checking if gcc static flag -static works
configure:17467: result: no
configure:17482: checking if gcc supports -c -o file.o
configure:17503: gcc -c -O3 -DNDEBUG -finline-functions -fno-strict-aliasing  -DHAVE_ROMIOCONF_H -DHAVE_ROMIOCONF_H  -D_REENTRANT -o out/conftest2.o conftest.c >&5
configure:17507: $? = 0
configure:17529: result: yes
configure:17537: checking if gcc supports -c -o file.o
configure:17584: result: yes
configure:17617: checking whether the gcc linker (/Library/Developer/CommandLineTools/usr/bin/ld) supports shared libraries
configure:18691: result: yes
configure:18930: checking dynamic linker characteristics
configure:19613: result: darwin14.0.0 dyld
configure:19715: checking how to hardcode library paths into programs
configure:19740: result: immediate
configure:20573: checking whether stripping libraries is possible
configure:20587: result: yes
configure:20613: checking if libtool supports shared libraries
configure:20615: result: yes
configure:20618: checking whether to build shared libraries
configure:20639: result: yes
configure:20642: checking whether to build static libraries
configure:20646: result: no
configure:20764: checking if libtool supports shared libraries
configure:20766: result: yes
configure:20769: checking whether to build shared libraries
configure:20789: result: yes
configure:20792: checking whether to build static libraries
configure:20796: result: no
configure:20810: checking for : option to produce PIC
configure:21082: result: 
configure:21147: checking if : static flag  works
configure:21175: result: no
configure:21187: checking if : supports -c -o file.o
configure:21208: : -c  -o out/conftest2.o conftest.f >&5
configure:21212: $? = 0
configure:21234: result: no
configure:21239: checking if : supports -c -o file.o
configure:21286: result: no
configure:21316: checking whether the : linker (/Library/Developer/CommandLineTools/usr/bin/ld) supports shared libraries
configure:22370: result: no
configure:22507: checking dynamic linker characteristics
configure:23128: result: darwin14.0.0 dyld
configure:23179: checking how to hardcode library paths into programs
configure:23204: result: immediate
configure:23685: creating ./config.status

## ---------------------- ##
## Running config.status. ##
## ---------------------- ##

This file was extended by config.status, which was
generated by GNU Autoconf 2.63.  Invocation command line was

  CONFIG_FILES    = 
  CONFIG_HEADERS  = 
  CONFIG_LINKS    = 
  CONFIG_COMMANDS = 
  $ ./config.status 

on appledeMacBook-Air.local

config.status:1205: creating Makefile
config.status:1205: creating localdefs
config.status:1205: creating adio/Makefile
config.status:1205: creating adio/ad_bgl/Makefile
config.status:1205: creating adio/ad_bglockless/Makefile
config.status:1205: creating adio/ad_gridftp/Makefile
config.status:1205: creating adio/ad_lustre/Makefile
config.status:1205: creating adio/ad_nfs/Makefile
config.status:1205: creating adio/ad_ntfs/Makefile
config.status:1205: creating adio/ad_panfs/Makefile
config.status:1205: creating adio/ad_pfs/Makefile
config.status:1205: creating adio/ad_pvfs/Makefile
config.status:1205: creating adio/ad_pvfs2/Makefile
config.status:1205: creating adio/ad_sfs/Makefile
config.status:1205: creating adio/ad_testfs/Makefile
config.status:1205: creating adio/ad_ufs/Makefile
config.status:1205: creating adio/ad_xfs/Makefile
config.status:1205: creating adio/common/Makefile
config.status:1205: creating adio/include/Makefile
config.status:1205: creating doc/Makefile
config.status:1205: creating include/mpio.h
config.status:1205: creating include/mpiof.h
config.status:1205: creating include/Makefile
config.status:1205: creating mpi-io/Makefile
config.status:1205: creating test/Makefile
config.status:1205: creating test/misc.c
config.status:1205: creating test/large_file.c
config.status:1205: creating test/fmisc.f
config.status:1205: creating test/fcoll_test.f
config.status:1205: creating test/pfcoll_test.f
config.status:1205: creating test/fperf.f
config.status:1205: creating test/runtests
config.status:1205: creating util/romioinstall
config.status:1205: creating mpi-io/glue/openmpi/Makefile
config.status:1205: creating util/Makefile
config.status:1205: creating adio/include/romioconf.h
config.status:1472: executing depfiles commands
config.status:1472: executing libtool commands
config.status:1472: executing default-1 commands

## ---------------- ##
## Cache variables. ##
## ---------------- ##

ac_cv_build=x86_64-apple-darwin14.0.0
ac_cv_c_compiler_gnu=yes
ac_cv_c_restrict=__restrict
ac_cv_env_CC_set=
ac_cv_env_CC_value=
ac_cv_env_CFLAGS_set=set
ac_cv_env_CFLAGS_value='-O3 -DNDEBUG -finline-functions -fno-strict-aliasing '
ac_cv_env_CPPFLAGS_set=set
ac_cv_env_CPPFLAGS_value=' -D_REENTRANT'
ac_cv_env_CPP_set=
ac_cv_env_CPP_value=
ac_cv_env_F77_set=
ac_cv_env_F77_value=
ac_cv_env_FFLAGS_set=set
ac_cv_env_FFLAGS_value=
ac_cv_env_LDFLAGS_set=set
ac_cv_env_LDFLAGS_value=' '
ac_cv_env_LIBS_set=set
ac_cv_env_LIBS_value='-lutil  '
ac_cv_env_build_alias_set=
ac_cv_env_build_alias_value=
ac_cv_env_host_alias_set=
ac_cv_env_host_alias_value=
ac_cv_env_target_alias_set=
ac_cv_env_target_alias_value=
ac_cv_f77_compiler_gnu=no
ac_cv_func_fsync=yes
ac_cv_func_ftruncate=yes
ac_cv_func_lstat=yes
ac_cv_func_memalign=no
ac_cv_func_readlink=yes
ac_cv_func_snprintf=yes
ac_cv_func_stat=yes
ac_cv_func_statfs=yes
ac_cv_func_statvfs=yes
ac_cv_func_strdup=yes
ac_cv_func_strerror=yes
ac_cv_has_large_file_defines=no
ac_cv_header_dlfcn_h=yes
ac_cv_header_fcntl_h=yes
ac_cv_header_inttypes_h=yes
ac_cv_header_malloc_h=no
ac_cv_header_memory_h=yes
ac_cv_header_stdc=yes
ac_cv_header_stddef_h=yes
ac_cv_header_stdint_h=yes
ac_cv_header_stdlib_h=yes
ac_cv_header_string_h=yes
ac_cv_header_strings_h=yes
ac_cv_header_sys_mount_h=yes
ac_cv_header_sys_param_h=yes
ac_cv_header_sys_stat_h=yes
ac_cv_header_sys_statvfs_h=yes
ac_cv_header_sys_types_h=yes
ac_cv_header_sys_vfs_h=no
ac_cv_header_unistd_h=yes
ac_cv_host=x86_64-apple-darwin14.0.0
ac_cv_objext=o
ac_cv_path_EGREP='/usr/bin/grep -E'
ac_cv_path_FGREP='/usr/bin/grep -F'
ac_cv_path_GREP=/usr/bin/grep
ac_cv_path_PVFS2_CONFIG=notfound
ac_cv_path_SED=/usr/bin/sed
ac_cv_path_install='/usr/bin/install -c'
ac_cv_prog_AWK=awk
ac_cv_prog_CPP='gcc -E'
ac_cv_prog_ac_ct_AR=ar
ac_cv_prog_ac_ct_CC=gcc
ac_cv_prog_ac_ct_DSYMUTIL=dsymutil
ac_cv_prog_ac_ct_LIPO=lipo
ac_cv_prog_ac_ct_NMEDIT=nmedit
ac_cv_prog_ac_ct_OTOOL=otool
ac_cv_prog_ac_ct_RANLIB=ranlib
ac_cv_prog_ac_ct_STRIP=strip
ac_cv_prog_cc_c89=
ac_cv_prog_cc_g=yes
ac_cv_prog_f77_g=no
ac_cv_prog_make_make_set=yes
ac_cv_sizeof_int=4
ac_cv_sizeof_long_long=8
ac_cv_sizeof_void_p=8
am_cv_CC_dependencies_compiler_type=gcc3
lt_cv_apple_cc_single_mod=yes
lt_cv_deplibs_check_method=pass_all
lt_cv_file_magic_cmd='$MAGIC_CMD'
lt_cv_file_magic_test_file=
lt_cv_ld_exported_symbols_list=yes
lt_cv_ld_reload_flag=-r
lt_cv_nm_interface='BSD nm'
lt_cv_objdir=.libs
lt_cv_path_LD=/Library/Developer/CommandLineTools/usr/bin/ld
lt_cv_path_NM=/usr/bin/nm
lt_cv_prog_compiler_c_o=yes
lt_cv_prog_compiler_c_o_F77=no
lt_cv_prog_compiler_pic_works=yes
lt_cv_prog_compiler_rtti_exceptions=yes
lt_cv_prog_compiler_static_works=no
lt_cv_prog_compiler_static_works_F77=no
lt_cv_prog_gnu_ld=no
lt_cv_sys_global_symbol_pipe='sed -n -e '\''s/^.*[	 ]\([BCDEGRST][BCDEGRST]*\)[	 ][	 ]*_\([_A-Za-z][_A-Za-z0-9]*\)$/\1 _\2 \2/p'\'''
lt_cv_sys_global_symbol_to_c_name_address='sed -n -e '\''s/^: \([^ ]*\) $/  {\"\1\", (void *) 0},/p'\'' -e '\''s/^[BCDEGRST]* \([^ ]*\) \([^ ]*\)$/  {"\2", (void *) \&\2},/p'\'''
lt_cv_sys_global_symbol_to_c_name_address_lib_prefix='sed -n -e '\''s/^: \([^ ]*\) $/  {\"\1\", (void *) 0},/p'\'' -e '\''s/^[BCDEGRST]* \([^ ]*\) \(lib[^ ]*\)$/  {"\2", (void *) \&\2},/p'\'' -e '\''s/^[BCDEGRST]* \([^ ]*\) \([^ ]*\)$/  {"lib\2", (void *) \&\2},/p'\'''
lt_cv_sys_global_symbol_to_cdecl='sed -n -e '\''s/^T .* \(.*\)$/extern int \1();/p'\'' -e '\''s/^[BCDEGRST]* .* \(.*\)$/extern char \1;/p'\'''
lt_cv_sys_max_cmd_len=196608
pac_cv_func_decl_fsync=no
pac_cv_func_decl_ftruncate=no
pac_cv_func_decl_lstat=yes
pac_cv_func_decl_readlink=no
pac_cv_func_decl_snprintf=no
pac_cv_func_decl_strdup=no
pac_cv_gnu_attr_format=yes
pac_cv_gnu_attr_pure=yes
pac_cv_have_statfs=yes
pac_cv_have_statfs_f_fstypename=yes
pac_cv_int_hold_pointer=no
pac_cv_struct_flock_and_mpi_offset=yes

## ----------------- ##
## Output variables. ##
## ----------------- ##

ACLOCAL='${SHELL} /Users/apple/project/SwiftSnails/third/openmpi-1.4.5/ompi/mca/io/romio/romio/confdb/missing --run aclocal-1.10'
AMDEPBACKSLASH='\'
AMDEP_FALSE='#'
AMDEP_TRUE=''
AMTAR='${SHELL} /Users/apple/project/SwiftSnails/third/openmpi-1.4.5/ompi/mca/io/romio/romio/confdb/missing --run tar'
AR='ar'
ARCH='x86_64'
AUTOCONF='${SHELL} /Users/apple/project/SwiftSnails/third/openmpi-1.4.5/ompi/mca/io/romio/romio/confdb/missing --run autoconf'
AUTOHEADER='${SHELL} /Users/apple/project/SwiftSnails/third/openmpi-1.4.5/ompi/mca/io/romio/romio/confdb/missing --run autoheader'
AUTOMAKE='${SHELL} /Users/apple/project/SwiftSnails/third/openmpi-1.4.5/ompi/mca/io/romio/romio/confdb/missing --run automake-1.10'
AWK='awk'
BITS='0'
BUILD_BGLOCKLESS_FALSE=''
BUILD_BGLOCKLESS_TRUE='#'
BUILD_BGL_FALSE=''
BUILD_BGL_TRUE='#'
BUILD_GRIDFTP_FALSE=''
BUILD_GRIDFTP_TRUE='#'
BUILD_LUSTRE_FALSE=''
BUILD_LUSTRE_TRUE='#'
BUILD_MPI_ARRAY=''
BUILD_MPI_INFO=''
BUILD_NFS_FALSE='#'
BUILD_NFS_TRUE=''
BUILD_PANFS_FALSE=''
BUILD_PANFS_TRUE='#'
BUILD_PFS_FALSE=''
BUILD_PFS_TRUE='#'
BUILD_PVFS2_FALSE=''
BUILD_PVFS2_TRUE='#'
BUILD_PVFS_FALSE=''
BUILD_PVFS_TRUE='#'
BUILD_SFS_FALSE=''
BUILD_SFS_TRUE='#'
BUILD_TESTFS_FALSE='#'
BUILD_TESTFS_TRUE=''
BUILD_UFS_FALSE='#'
BUILD_UFS_TRUE=''
BUILD_XFS_FALSE=''
BUILD_XFS_TRUE='#'
CC='gcc'
CCDEPMODE='depmode=gcc3'
CFLAGS='-O3 -DNDEBUG -finline-functions -fno-strict-aliasing  -DHAVE_ROMIOCONF_H -DHAVE_ROMIOCONF_H  -I$(top_builddir)/include'
CPP='gcc -E'
CPPFLAGS=' -D_REENTRANT'
CYGPATH_W='echo'
DEFINE_HAVE_MPI_GREQUEST='#define HAVE_MPI_GREQUEST'
DEFINE_MPI_OFFSET='typedef long long MPI_Offset;'
DEFS='-DHAVE_CONFIG_H'
DEPDIR='.deps'
DOCTEXT='true'
DSYMUTIL='dsymutil'
DUMPBIN=''
ECHO_C='\c'
ECHO_N=''
ECHO_T=''
EGREP='/usr/bin/grep -E'
EXEEXT=''
EXTRA_SRC_DIRS=''
F77=':'
F77GETARG='call getarg(i,str)'
F77IARGC='iargc()'
F77MPIOINC=''
F90=''
FFLAGS=''
FGREP='/usr/bin/grep -F'
FILE_SYSTEM='testfs ufs nfs'
FILE_SYS_DIRS=' adio/ad_testfs adio/ad_ufs adio/ad_nfs'
FORTRAN_MPI_OFFSET='integer*8'
FORTRAN_TEST=''
FROM_LAM='no'
FROM_MPICH2='no'
FROM_MPICH='no'
FTESTDEFINE=''
GLUE_DIR='mpi-io/glue/default'
GREP='/usr/bin/grep'
HAVE_MPI_DARRAY_SUBARRAY='#define HAVE_MPI_DARRAY_SUBARRAY'
HAVE_MPI_INFO='#define HAVE_MPI_INFO'
HAVE_WEAK_SYMBOLS='0'
INSTALL_DATA='${INSTALL} -m 644'
INSTALL_PROGRAM='${INSTALL}'
INSTALL_SCRIPT='${INSTALL}'
INSTALL_STRIP_PROGRAM='$(install_sh) -c -s'
LD='/Library/Developer/CommandLineTools/usr/bin/ld'
LDFLAGS=' '
LIBNAME='/Users/apple/project/SwiftSnails/third/openmpi-1.4.5/ompi/mca/io/romio/romio/lib/libmpio.a'
LIBOBJS=''
LIBS='-lutil  '
LIBTOOL='$(SHELL) $(top_builddir)/libtool'
LIPO='lipo'
LL='lld'
LN_S='ln -s'
LTLIBOBJS=''
MAKEINFO='${SHELL} /Users/apple/project/SwiftSnails/third/openmpi-1.4.5/ompi/mca/io/romio/romio/confdb/missing --run makeinfo'
MIPS='0'
MKDIR_P='confdb/install-sh -c -d'
MPI='open_mpi'
MPIO_EXTRA_OBJECTS='get_errh.o set_errh.o'
MPIO_EXTRA_REAL_POBJECTS='_get_errh.o _set_errh.o'
MPIO_EXTRA_TMP_POBJECTS='get_errh.p set_errh.p'
MPIO_REQOBJECTS='iotest.o iotestall.o iotestany.o iotestsome.o iowait.o iowaitall.o iowaitany.o iowaitsome.o ioreq_c2f.o ioreq_f2c.o'
MPIO_REQ_REAL_POBJECTS='_iotest.o _iowait.o _iowaitall.o _iowaitany.o _iotestall.o _iotestany.o _iowaitsome.o _iotestsome.o'
MPIO_REQ_TMP_POBJECTS='iotest.p iowait.p iowaitall.p iowaitany.p iotestall.p iotestany.p iowaitsome.p iotestsome.p'
MPIRUN='mpirun'
MPI_FARRAY1=''
MPI_FARRAY2=''
MPI_FARRAY3=''
MPI_FARRAY4=''
MPI_FARRAY5=''
MPI_FARRAY6=''
MPI_FARRAY7=''
MPI_FINFO1='!'
MPI_FINFO2='!'
MPI_FINFO3='!'
MPI_FINFO4='!'
MPI_INCLUDE_DIR='.'
MPI_LIB=''
MPI_OFFSET_KIND1='!'
MPI_OFFSET_KIND2='!'
MPI_OFFSET_TYPE='long long'
NEEDS_MPI_FINT=''
NM='/usr/bin/nm'
NMEDIT='nmedit'
NOF77='1'
NOPROFILE='1'
OBJDUMP='false'
OBJEXT='o'
OTOOL64=':'
OTOOL='otool'
PACKAGE='io-romio'
PACKAGE_BUGREPORT=''
PACKAGE_NAME=''
PACKAGE_STRING=''
PACKAGE_TARNAME=''
PACKAGE_VERSION=''
PATH_SEPARATOR=':'
PVFS2_CONFIG='notfound'
RANLIB='ranlib'
ROMIO_HOME='/Users/apple/project/SwiftSnails/third/openmpi-1.4.5/ompi/mca/io/romio/romio'
ROMIO_INCLUDE=''
ROMIO_LFLAGS=''
ROMIO_LIBLIST=''
ROMIO_TCFLAGS=''
ROMIO_TCPPFLAGS=''
ROMIO_TFFLAGS=''
SED='/usr/bin/sed'
SET_MAKE=''
SHELL='/bin/sh'
STRIP='strip'
SYSDEP_INC=''
TEST_CC='mpicc'
TEST_F77='mpif77'
TEST_LIBNAME=''
USER_CFLAGS=''
USER_FFLAGS=''
VERSION='1.0.0'
WITHIN_KNOWN_MPI_IMPL='yes'
ac_ct_CC='gcc'
ac_ct_DUMPBIN=''
ac_ct_F77=''
am__fastdepCC_FALSE='#'
am__fastdepCC_TRUE=''
am__include='include'
am__isrc=''
am__leading_dot='.'
am__quote=''
am__tar='${AMTAR} chof - "$$tardir"'
am__untar='${AMTAR} xf -'
arch_IRIX=''
bindir='${exec_prefix}/bin'
build='x86_64-apple-darwin14.0.0'
build_alias=''
build_cpu='x86_64'
build_os='darwin14.0.0'
build_vendor='apple'
datadir='${datarootdir}'
datarootdir='${prefix}/share'
docdir='${datarootdir}/doc/${PACKAGE}'
dvidir='${docdir}'
exec_prefix='${prefix}'
host='x86_64-apple-darwin14.0.0'
host_alias=''
host_cpu='x86_64'
host_os='darwin14.0.0'
host_vendor='apple'
htmldir='${docdir}'
includedir='${prefix}/include'
infodir='${datarootdir}/info'
install_sh='$(SHELL) /Users/apple/project/SwiftSnails/third/openmpi-1.4.5/ompi/mca/io/romio/romio/confdb/install-sh'
libdir='${exec_prefix}/lib'
libexecdir='${exec_prefix}/libexec'
localedir='${datarootdir}/locale'
localstatedir='${prefix}/var'
lt_ECHO='/bin/echo'
mandir='${datarootdir}/man'
master_top_builddir='/Users/apple/project/SwiftSnails/third/openmpi-1.4.5/ompi/mca/io/romio/romio'
master_top_srcdir=''
master_topbuild_dir='/Users/apple/project/SwiftSnails/third/openmpi-1.4.5/ompi/mca/io/romio/romio'
mkdir_p='$(top_builddir)/confdb/install-sh -c -d'
oldincludedir='/usr/include'
pdfdir='${docdir}'
prefix='/Users/apple/project/SwiftSnails/third/openmpi-1.4.5/../local/openmpi'
program_transform_name='s,x,x,'
psdir='${docdir}'
sbindir='${exec_prefix}/sbin'
sharedstatedir='${prefix}/com'
srcdir='/Users/apple/project/SwiftSnails/third/openmpi-1.4.5/ompi/mca/io/romio/romio'
sysconfdir='${prefix}/etc'
target_alias=''
top_build_dir='/Users/apple/project/SwiftSnails/third/openmpi-1.4.5/ompi/mca/io/romio/romio'
top_ompi_builddir='$(top_builddir)/../../../../..'
top_ompi_srcdir='$(top_srcdir)/../../../../..'

## ----------- ##
## confdefs.h. ##
## ----------- ##

#define PACKAGE_NAME ""
#define PACKAGE_TARNAME ""
#define PACKAGE_VERSION ""
#define PACKAGE_STRING ""
#define PACKAGE_BUGREPORT ""
#define HAVE_MPI_OFFSET 1
#define STDC_HEADERS 1
#define HAVE_SYS_TYPES_H 1
#define HAVE_SYS_STAT_H 1
#define HAVE_STDLIB_H 1
#define HAVE_STRING_H 1
#define HAVE_MEMORY_H 1
#define HAVE_STRINGS_H 1
#define HAVE_INTTYPES_H 1
#define HAVE_STDINT_H 1
#define HAVE_UNISTD_H 1
#define HAVE_UNISTD_H 1
#define HAVE_FCNTL_H 1
#define HAVE_STDDEF_H 1
#define SIZEOF_INT 4
#define SIZEOF_VOID_P 8
#define INT_LT_POINTER 1
#define HAVE_INT_LT_POINTER 1
#define SIZEOF_LONG_LONG 8
#define HAVE_LONG_LONG_64 1
#define HAVE_MPI_INFO 1
#define ROMIO_NFS 1
#define ROMIO_UFS 1
#define ROMIO_TESTFS 1
#define HAVE_SYS_PARAM_H 1
#define HAVE_SYS_MOUNT_H 1
#define HAVE_SYS_STATVFS_H 1
#define HAVE_STATFS 1
#define HAVE_STRUCT_STATFS 1
#define ROMIO_HAVE_STRUCT_STATFS_WITH_F_FSTYPENAME 1
#define HAVE_SYS_STAT_H 1
#define HAVE_SYS_TYPES_H 1
#define HAVE_UNISTD_H 1
#define HAVE_STAT 1
#define HAVE_STAT 1
#define HAVE_SYS_TYPES_H 1
#define HAVE_SYS_STATVFS_H 1
#define HAVE_STATVFS 1
#define HAVE_STATVFS 1
#define HAVE_UNISTD_H 1
#define HAVE_STRERROR 1
#define HAVE_STATUS_SET_BYTES 1
#define HAVE_MPI_DARRAY_SUBARRAY 1
#define MPIO_BUILD_PROFILING 1
#define HAVE_STRDUP 1
#define HAVE_SNPRINTF 1
#define HAVE_LSTAT 1
#define NEEDS_LSTAT_DECL 1
#define HAVE_READLINK 1
#define HAVE_FSYNC 1
#define HAVE_FTRUNCATE 1
#define HAVE_UNISTD_H 1
#define restrict __restrict
#define HAVE_GCC_ATTRIBUTE 1
#define HAVE_DLFCN_H 1
#define LT_OBJDIR ".libs/"

configure: exit 0
