This file contains any messages produced by compilers while
running configure, to aid debugging if configure makes a mistake.

It was created by VampirTrace configure 5.4.14, which was
generated by GNU Autoconf 2.63.  Invocation command line was

  $ ./configure --disable-option-checking --with-openmpi --disable-config-titles --disable-config-summary --prefix=/Users/apple/project/SwiftSnails/third/openmpi-1.4.5/../local/openmpi --cache-file=/dev/null --srcdir=.

## --------- ##
## Platform. ##
## --------- ##

hostname = appledeMacBook-Air.local
uname -m = x86_64
uname -r = 14.0.0
uname -s = Darwin
uname -v = Darwin Kernel Version 14.0.0: Fri Sep 19 00:26:44 PDT 2014; root:xnu-2782.1.97~2/RELEASE_X86_64

/usr/bin/uname -p = i386
/bin/uname -X     = unknown

/bin/arch              = unknown
/usr/bin/arch -k       = unknown
/usr/convex/getsysinfo = unknown
/usr/bin/hostinfo      = Mach kernel version:
	 Darwin Kernel Version 14.0.0: Fri Sep 19 00:26:44 PDT 2014; root:xnu-2782.1.97~2/RELEASE_X86_64
Kernel configured for up to 4 processors.
2 processors are physically available.
4 processors are logically available.
Processor type: x86_64h (Intel x86-64h Haswell)
Processors active: 0 1 2 3
Primary memory available: 4.00 gigabytes
Default processor set: 233 tasks, 928 threads, 4 processors
Load average: 3.07, Mach factor: 1.39
/bin/machine           = unknown
/usr/bin/oslevel       = unknown
/bin/universe          = unknown

PATH: /usr/local/bin
PATH: /usr/bin
PATH: /bin
PATH: /usr/sbin
PATH: /sbin


## ----------- ##
## Core tests. ##
## ----------- ##

configure:2369: checking for a BSD-compatible install
configure:2437: result: /usr/bin/install -c
configure:2448: checking whether build environment is sane
configure:2491: result: yes
configure:2618: checking for a thread-safe mkdir -p
configure:2657: result: ./install-sh -c -d
configure:2670: checking for gawk
configure:2700: result: no
configure:2670: checking for mawk
configure:2700: result: no
configure:2670: checking for nawk
configure:2700: result: no
configure:2670: checking for awk
configure:2686: found /usr/bin/awk
configure:2697: result: awk
configure:2708: checking whether make sets $(MAKE)
configure:2730: result: yes
configure:2851: builddir: /Users/apple/project/SwiftSnails/third/openmpi-1.4.5/ompi/contrib/vt/vt
configure:2853: srcdir: /Users/apple/project/SwiftSnails/third/openmpi-1.4.5/ompi/contrib/vt/vt
configure:2874: checking build system type
configure:2892: result: x86_64-apple-darwin14.0.0
configure:2914: checking host system type
configure:2929: result: x86_64-apple-darwin14.0.0
configure:3028: checking for gcc
configure:3044: found /usr/bin/gcc
configure:3055: result: gcc
configure:3287: checking for C compiler version
configure:3295: gcc --version >&5
Configured with: --prefix=/Library/Developer/CommandLineTools/usr --with-gxx-include-dir=/usr/include/c++/4.2.1
Apple LLVM version 6.0 (clang-600.0.54) (based on LLVM 3.5svn)
Target: x86_64-apple-darwin14.0.0
Thread model: posix
configure:3299: $? = 0
configure:3306: gcc -v >&5
Configured with: --prefix=/Library/Developer/CommandLineTools/usr --with-gxx-include-dir=/usr/include/c++/4.2.1
Apple LLVM version 6.0 (clang-600.0.54) (based on LLVM 3.5svn)
Target: x86_64-apple-darwin14.0.0
Thread model: posix
configure:3310: $? = 0
configure:3317: gcc -V >&5
clang: error: argument to '-V' is missing (expected 1 value)
clang: error: no input files
configure:3321: $? = 1
configure:3344: checking for C compiler default output file name
configure:3366: gcc -O3 -DNDEBUG -finline-functions -fno-strict-aliasing  -fvisibility=hidden  -D_REENTRANT   conftest.c -lutil   >&5
configure:3370: $? = 0
configure:3408: result: a.out
configure:3427: checking whether the C compiler works
configure:3437: ./a.out
configure:3441: $? = 0
configure:3460: result: yes
configure:3467: checking whether we are cross compiling
configure:3469: result: no
configure:3472: checking for suffix of executables
configure:3479: gcc -o conftest -O3 -DNDEBUG -finline-functions -fno-strict-aliasing  -fvisibility=hidden  -D_REENTRANT   conftest.c -lutil   >&5
configure:3483: $? = 0
configure:3509: result: 
configure:3515: checking for suffix of object files
configure:3541: gcc -c -O3 -DNDEBUG -finline-functions -fno-strict-aliasing  -fvisibility=hidden  -D_REENTRANT conftest.c >&5
configure:3545: $? = 0
configure:3570: result: o
configure:3574: checking whether we are using the GNU C compiler
configure:3603: gcc -c -O3 -DNDEBUG -finline-functions -fno-strict-aliasing  -fvisibility=hidden  -D_REENTRANT conftest.c >&5
configure:3610: $? = 0
configure:3627: result: yes
configure:3636: checking whether gcc accepts -g
configure:3666: gcc -c -g  -D_REENTRANT conftest.c >&5
configure:3673: $? = 0
configure:3774: result: yes
configure:3791: checking for gcc option to accept ISO C89
configure:3865: gcc  -c -O3 -DNDEBUG -finline-functions -fno-strict-aliasing  -fvisibility=hidden  -D_REENTRANT conftest.c >&5
configure:3872: $? = 0
configure:3895: result: none needed
configure:3924: checking for style of include used by make
configure:3952: result: GNU
configure:3977: checking dependency style of gcc
configure:4087: result: gcc3
configure:4103: checking whether gcc and cc understand -c and -o together
configure:4138: gcc -c conftest.c -o conftest2.o >&5
configure:4142: $? = 0
configure:4148: gcc -c conftest.c -o conftest2.o >&5
configure:4152: $? = 0
configure:4163: cc -c conftest.c >&5
configure:4167: $? = 0
configure:4175: cc -c conftest.c -o conftest2.o >&5
configure:4179: $? = 0
configure:4185: cc -c conftest.c -o conftest2.o >&5
configure:4189: $? = 0
configure:4207: result: yes
configure:4292: checking for g++
configure:4308: found /usr/bin/g++
configure:4319: result: g++
configure:4346: checking for C++ compiler version
configure:4354: g++ --version >&5
Configured with: --prefix=/Library/Developer/CommandLineTools/usr --with-gxx-include-dir=/usr/include/c++/4.2.1
Apple LLVM version 6.0 (clang-600.0.54) (based on LLVM 3.5svn)
Target: x86_64-apple-darwin14.0.0
Thread model: posix
configure:4358: $? = 0
configure:4365: g++ -v >&5
Configured with: --prefix=/Library/Developer/CommandLineTools/usr --with-gxx-include-dir=/usr/include/c++/4.2.1
Apple LLVM version 6.0 (clang-600.0.54) (based on LLVM 3.5svn)
Target: x86_64-apple-darwin14.0.0
Thread model: posix
configure:4369: $? = 0
configure:4376: g++ -V >&5
clang: error: argument to '-V' is missing (expected 1 value)
clang: error: no input files
configure:4380: $? = 1
configure:4383: checking whether we are using the GNU C++ compiler
configure:4412: g++ -c -O3 -DNDEBUG -finline-functions   -D_REENTRANT conftest.cpp >&5
configure:4419: $? = 0
configure:4436: result: yes
configure:4445: checking whether g++ accepts -g
configure:4475: g++ -c -g  -D_REENTRANT conftest.cpp >&5
configure:4482: $? = 0
configure:4583: result: yes
configure:4608: checking dependency style of g++
configure:4718: result: gcc3
configure:4738: checking how to run the C preprocessor
configure:4778: gcc -E  -D_REENTRANT conftest.c
configure:4785: $? = 0
configure:4816: gcc -E  -D_REENTRANT conftest.c
conftest.c:10:10: fatal error: 'ac_nonexistent.h' file not found
#include <ac_nonexistent.h>
         ^
1 error generated.
configure:4823: $? = 1
configure: failed program was:
| /* confdefs.h.  */
| #define PACKAGE_NAME "VampirTrace"
| #define PACKAGE_TARNAME "vampirtrace"
| #define PACKAGE_VERSION "5.4.14"
| #define PACKAGE_STRING "VampirTrace 5.4.14"
| #define PACKAGE_BUGREPORT "vampirsupport@zih.tu-dresden.de"
| #define PACKAGE "VampirTrace"
| #define VERSION "5.4.14"
| /* end confdefs.h.  */
| #include <ac_nonexistent.h>
configure:4856: result: gcc -E
configure:4885: gcc -E  -D_REENTRANT conftest.c
configure:4892: $? = 0
configure:4923: gcc -E  -D_REENTRANT conftest.c
conftest.c:10:10: fatal error: 'ac_nonexistent.h' file not found
#include <ac_nonexistent.h>
         ^
1 error generated.
configure:4930: $? = 1
configure: failed program was:
| /* confdefs.h.  */
| #define PACKAGE_NAME "VampirTrace"
| #define PACKAGE_TARNAME "vampirtrace"
| #define PACKAGE_VERSION "5.4.14"
| #define PACKAGE_STRING "VampirTrace 5.4.14"
| #define PACKAGE_BUGREPORT "vampirsupport@zih.tu-dresden.de"
| #define PACKAGE "VampirTrace"
| #define VERSION "5.4.14"
| /* end confdefs.h.  */
| #include <ac_nonexistent.h>
configure:4974: checking how to run the C++ preprocessor
configure:5010: g++ -E  -D_REENTRANT conftest.cpp
configure:5017: $? = 0
configure:5048: g++ -E  -D_REENTRANT conftest.cpp
conftest.cpp:10:10: fatal error: 'ac_nonexistent.h' file not found
#include <ac_nonexistent.h>
         ^
1 error generated.
configure:5055: $? = 1
configure: failed program was:
| /* confdefs.h.  */
| #define PACKAGE_NAME "VampirTrace"
| #define PACKAGE_TARNAME "vampirtrace"
| #define PACKAGE_VERSION "5.4.14"
| #define PACKAGE_STRING "VampirTrace 5.4.14"
| #define PACKAGE_BUGREPORT "vampirsupport@zih.tu-dresden.de"
| #define PACKAGE "VampirTrace"
| #define VERSION "5.4.14"
| /* end confdefs.h.  */
| #include <ac_nonexistent.h>
configure:5088: result: g++ -E
configure:5117: g++ -E  -D_REENTRANT conftest.cpp
configure:5124: $? = 0
configure:5155: g++ -E  -D_REENTRANT conftest.cpp
conftest.cpp:10:10: fatal error: 'ac_nonexistent.h' file not found
#include <ac_nonexistent.h>
         ^
1 error generated.
configure:5162: $? = 1
configure: failed program was:
| /* confdefs.h.  */
| #define PACKAGE_NAME "VampirTrace"
| #define PACKAGE_TARNAME "vampirtrace"
| #define PACKAGE_VERSION "5.4.14"
| #define PACKAGE_STRING "VampirTrace 5.4.14"
| #define PACKAGE_BUGREPORT "vampirsupport@zih.tu-dresden.de"
| #define PACKAGE "VampirTrace"
| #define VERSION "5.4.14"
| /* end confdefs.h.  */
| #include <ac_nonexistent.h>
configure:5254: checking for g77
configure:5284: result: no
configure:5254: checking for xlf
configure:5284: result: no
configure:5254: checking for f77
configure:5284: result: no
configure:5254: checking for frt
configure:5284: result: no
configure:5254: checking for pgf77
configure:5284: result: no
configure:5254: checking for cf77
configure:5284: result: no
configure:5254: checking for fort77
configure:5284: result: no
configure:5254: checking for fl32
configure:5284: result: no
configure:5254: checking for af77
configure:5284: result: no
configure:5254: checking for xlf90
configure:5284: result: no
configure:5254: checking for f90
configure:5284: result: no
configure:5254: checking for pgf90
configure:5284: result: no
configure:5254: checking for pghpf
configure:5284: result: no
configure:5254: checking for epcf90
configure:5284: result: no
configure:5254: checking for gfortran
configure:5284: result: no
configure:5254: checking for g95
configure:5284: result: no
configure:5254: checking for xlf95
configure:5284: result: no
configure:5254: checking for f95
configure:5284: result: no
configure:5254: checking for fort
configure:5284: result: no
configure:5254: checking for ifort
configure:5284: result: no
configure:5254: checking for ifc
configure:5284: result: no
configure:5254: checking for efc
configure:5284: result: no
configure:5254: checking for pgfortran
configure:5284: result: no
configure:5254: checking for pgf95
configure:5284: result: no
configure:5254: checking for lf95
configure:5284: result: no
configure:5254: checking for ftn
configure:5284: result: no
configure:5307: checking for Fortran 77 compiler version
configure:5315:  --version >&5
./configure: line 5317: --version: command not found
configure:5319: $? = 127
configure:5326:  -v >&5
./configure: line 5328: -v: command not found
configure:5330: $? = 127
configure:5337:  -V >&5
./configure: line 5339: -V: command not found
configure:5341: $? = 127
configure:5349: checking whether we are using the GNU Fortran 77 compiler
configure:5368:  -c  conftest.F >&5
./configure: line 5370: -c: command not found
configure:5375: $? = 127
configure: failed program was:
|       program main
| #ifndef __GNUC__
|        choke me
| #endif
| 
|       end
configure:5392: result: no
configure:5398: checking whether  accepts -g
configure:5415:  -c -g conftest.f >&5
./configure: line 5417: -c: command not found
configure:5422: $? = 127
configure: failed program was:
|       program main
| 
|       end
configure:5438: result: no
configure:5520: checking for gfortran
configure:5550: result: no
configure:5520: checking for g95
configure:5550: result: no
configure:5520: checking for xlf95
configure:5550: result: no
configure:5520: checking for f95
configure:5550: result: no
configure:5520: checking for fort
configure:5550: result: no
configure:5520: checking for ifort
configure:5550: result: no
configure:5520: checking for ifc
configure:5550: result: no
configure:5520: checking for efc
configure:5550: result: no
configure:5520: checking for pgfortran
configure:5550: result: no
configure:5520: checking for pgf95
configure:5550: result: no
configure:5520: checking for lf95
configure:5550: result: no
configure:5520: checking for ftn
configure:5550: result: no
configure:5520: checking for xlf90
configure:5550: result: no
configure:5520: checking for f90
configure:5550: result: no
configure:5520: checking for pgf90
configure:5550: result: no
configure:5520: checking for pghpf
configure:5550: result: no
configure:5520: checking for epcf90
configure:5550: result: no
configure:5520: checking for g77
configure:5550: result: no
configure:5520: checking for xlf
configure:5550: result: no
configure:5520: checking for f77
configure:5550: result: no
configure:5520: checking for frt
configure:5550: result: no
configure:5520: checking for pgf77
configure:5550: result: no
configure:5520: checking for cf77
configure:5550: result: no
configure:5520: checking for fort77
configure:5550: result: no
configure:5520: checking for fl32
configure:5550: result: no
configure:5520: checking for af77
configure:5550: result: no
configure:5573: checking for Fortran compiler version
configure:5581:  --version >&5
./configure: line 5583: --version: command not found
configure:5585: $? = 127
configure:5592:  -v >&5
./configure: line 5594: -v: command not found
configure:5596: $? = 127
configure:5603:  -V >&5
./configure: line 5605: -V: command not found
configure:5607: $? = 127
configure:5615: checking whether we are using the GNU Fortran compiler
configure:5634:  -c   conftest.F >&5
./configure: line 5636: -c: command not found
configure:5641: $? = 127
configure: failed program was:
|       program main
| #ifndef __GNUC__
|        choke me
| #endif
| 
|       end
configure:5658: result: no
configure:5664: checking whether  accepts -g
configure:5681:  -c -g  conftest.f >&5
./configure: line 5683: -c: command not found
configure:5688: $? = 127
configure: failed program was:
|       program main
| 
|       end
configure:5704: result: no
configure:6502: checking for ar
configure:6518: found /usr/bin/ar
configure:6529: result: ar
configure:6584: checking for ranlib
configure:6600: found /usr/bin/ranlib
configure:6611: result: ranlib
configure:6642: checking dependency style of gcc
configure:6750: result: gcc3
configure:6775: checking for grep that handles long lines and -e
configure:6835: result: /usr/bin/grep
configure:6840: checking for egrep
configure:6904: result: /usr/bin/grep -E
configure:6909: checking for ANSI C header files
configure:6939: gcc -c -O3 -DNDEBUG -finline-functions -fno-strict-aliasing  -fvisibility=hidden  -D_REENTRANT conftest.c >&5
configure:6946: $? = 0
configure:7045: gcc -o conftest -O3 -DNDEBUG -finline-functions -fno-strict-aliasing  -fvisibility=hidden  -D_REENTRANT   conftest.c -lutil   >&5
configure:7049: $? = 0
configure:7055: ./conftest
configure:7059: $? = 0
configure:7077: result: yes
configure:7101: checking for sys/types.h
configure:7122: gcc -c -O3 -DNDEBUG -finline-functions -fno-strict-aliasing  -fvisibility=hidden  -D_REENTRANT conftest.c >&5
configure:7129: $? = 0
configure:7146: result: yes
configure:7101: checking for sys/stat.h
configure:7122: gcc -c -O3 -DNDEBUG -finline-functions -fno-strict-aliasing  -fvisibility=hidden  -D_REENTRANT conftest.c >&5
configure:7129: $? = 0
configure:7146: result: yes
configure:7101: checking for stdlib.h
configure:7122: gcc -c -O3 -DNDEBUG -finline-functions -fno-strict-aliasing  -fvisibility=hidden  -D_REENTRANT conftest.c >&5
configure:7129: $? = 0
configure:7146: result: yes
configure:7101: checking for string.h
configure:7122: gcc -c -O3 -DNDEBUG -finline-functions -fno-strict-aliasing  -fvisibility=hidden  -D_REENTRANT conftest.c >&5
configure:7129: $? = 0
configure:7146: result: yes
configure:7101: checking for memory.h
configure:7122: gcc -c -O3 -DNDEBUG -finline-functions -fno-strict-aliasing  -fvisibility=hidden  -D_REENTRANT conftest.c >&5
configure:7129: $? = 0
configure:7146: result: yes
configure:7101: checking for strings.h
configure:7122: gcc -c -O3 -DNDEBUG -finline-functions -fno-strict-aliasing  -fvisibility=hidden  -D_REENTRANT conftest.c >&5
configure:7129: $? = 0
configure:7146: result: yes
configure:7101: checking for inttypes.h
configure:7122: gcc -c -O3 -DNDEBUG -finline-functions -fno-strict-aliasing  -fvisibility=hidden  -D_REENTRANT conftest.c >&5
configure:7129: $? = 0
configure:7146: result: yes
configure:7101: checking for stdint.h
configure:7122: gcc -c -O3 -DNDEBUG -finline-functions -fno-strict-aliasing  -fvisibility=hidden  -D_REENTRANT conftest.c >&5
configure:7129: $? = 0
configure:7146: result: yes
configure:7101: checking for unistd.h
configure:7122: gcc -c -O3 -DNDEBUG -finline-functions -fno-strict-aliasing  -fvisibility=hidden  -D_REENTRANT conftest.c >&5
configure:7129: $? = 0
configure:7146: result: yes
configure:7168: checking for stdint.h
configure:7175: result: yes
configure:7168: checking for inttypes.h
configure:7175: result: yes
configure:7179: checking fnmatch.h usability
configure:7196: gcc -c -O3 -DNDEBUG -finline-functions -fno-strict-aliasing  -fvisibility=hidden  -D_REENTRANT conftest.c >&5
configure:7203: $? = 0
configure:7217: result: yes
configure:7221: checking fnmatch.h presence
configure:7236: gcc -E  -D_REENTRANT conftest.c
configure:7243: $? = 0
configure:7257: result: yes
configure:7290: checking for fnmatch.h
configure:7299: result: yes
configure:7179: checking sys/param.h usability
configure:7196: gcc -c -O3 -DNDEBUG -finline-functions -fno-strict-aliasing  -fvisibility=hidden  -D_REENTRANT conftest.c >&5
configure:7203: $? = 0
configure:7217: result: yes
configure:7221: checking sys/param.h presence
configure:7236: gcc -E  -D_REENTRANT conftest.c
configure:7243: $? = 0
configure:7257: result: yes
configure:7290: checking for sys/param.h
configure:7299: result: yes
configure:7316: checking for size_t
configure:7344: gcc -c -O3 -DNDEBUG -finline-functions -fno-strict-aliasing  -fvisibility=hidden  -D_REENTRANT conftest.c >&5
configure:7351: $? = 0
configure:7378: gcc -c -O3 -DNDEBUG -finline-functions -fno-strict-aliasing  -fvisibility=hidden  -D_REENTRANT conftest.c >&5
conftest.c:60:21: error: expected expression
if (sizeof ((size_t)))
                    ^
1 error generated.
configure:7385: $? = 1
configure: failed program was:
| /* confdefs.h.  */
| #define PACKAGE_NAME "VampirTrace"
| #define PACKAGE_TARNAME "vampirtrace"
| #define PACKAGE_VERSION "5.4.14"
| #define PACKAGE_STRING "VampirTrace 5.4.14"
| #define PACKAGE_BUGREPORT "vampirsupport@zih.tu-dresden.de"
| #define PACKAGE "VampirTrace"
| #define VERSION "5.4.14"
| #define STDC_HEADERS 1
| #define HAVE_SYS_TYPES_H 1
| #define HAVE_SYS_STAT_H 1
| #define HAVE_STDLIB_H 1
| #define HAVE_STRING_H 1
| #define HAVE_MEMORY_H 1
| #define HAVE_STRINGS_H 1
| #define HAVE_INTTYPES_H 1
| #define HAVE_STDINT_H 1
| #define HAVE_UNISTD_H 1
| #define HAVE_STDINT_H 1
| #define HAVE_INTTYPES_H 1
| #define HAVE_FNMATCH_H 1
| #define HAVE_SYS_PARAM_H 1
| /* end confdefs.h.  */
| #include <stdio.h>
| #ifdef HAVE_SYS_TYPES_H
| # include <sys/types.h>
| #endif
| #ifdef HAVE_SYS_STAT_H
| # include <sys/stat.h>
| #endif
| #ifdef STDC_HEADERS
| # include <stdlib.h>
| # include <stddef.h>
| #else
| # ifdef HAVE_STDLIB_H
| #  include <stdlib.h>
| # endif
| #endif
| #ifdef HAVE_STRING_H
| # if !defined STDC_HEADERS && defined HAVE_MEMORY_H
| #  include <memory.h>
| # endif
| # include <string.h>
| #endif
| #ifdef HAVE_STRINGS_H
| # include <strings.h>
| #endif
| #ifdef HAVE_INTTYPES_H
| # include <inttypes.h>
| #endif
| #ifdef HAVE_STDINT_H
| # include <stdint.h>
| #endif
| #ifdef HAVE_UNISTD_H
| # include <unistd.h>
| #endif
| int
| main ()
| {
| if (sizeof ((size_t)))
| 	  return 0;
|   ;
|   return 0;
| }
configure:7408: result: yes
configure:7424: checking size of void*
configure:7729: gcc -o conftest -O3 -DNDEBUG -finline-functions -fno-strict-aliasing  -fvisibility=hidden  -D_REENTRANT   conftest.c -lutil   >&5
configure:7733: $? = 0
configure:7739: ./conftest
configure:7743: $? = 0
configure:7769: result: 8
configure:7783: checking size of int
configure:8088: gcc -o conftest -O3 -DNDEBUG -finline-functions -fno-strict-aliasing  -fvisibility=hidden  -D_REENTRANT   conftest.c -lutil   >&5
configure:8092: $? = 0
configure:8098: ./conftest
configure:8102: $? = 0
configure:8128: result: 4
configure:8142: checking size of long
configure:8447: gcc -o conftest -O3 -DNDEBUG -finline-functions -fno-strict-aliasing  -fvisibility=hidden  -D_REENTRANT   conftest.c -lutil   >&5
configure:8451: $? = 0
configure:8457: ./conftest
configure:8461: $? = 0
configure:8487: result: 8
configure:8501: checking size of mode_t
configure:8806: gcc -o conftest -O3 -DNDEBUG -finline-functions -fno-strict-aliasing  -fvisibility=hidden  -D_REENTRANT   conftest.c -lutil   >&5
configure:8810: $? = 0
configure:8816: ./conftest
configure:8820: $? = 0
configure:8846: result: 2
configure:8861: checking whether va_copy is declared
configure:8891: gcc -c -O3 -DNDEBUG -finline-functions -fno-strict-aliasing  -fvisibility=hidden  -D_REENTRANT conftest.c >&5
configure:8898: $? = 0
configure:8913: result: yes
configure:8923: checking whether __va_copy is declared
configure:8953: gcc -c -O3 -DNDEBUG -finline-functions -fno-strict-aliasing  -fvisibility=hidden  -D_REENTRANT conftest.c >&5
configure:8960: $? = 0
configure:8975: result: yes
configure:8993: checking for asprintf
configure:9049: gcc -o conftest -O3 -DNDEBUG -finline-functions -fno-strict-aliasing  -fvisibility=hidden  -D_REENTRANT   conftest.c -lutil   >&5
conftest.c:64:18: warning: format string missing [-Wformat]
return asprintf ();
       ~~~~~~~~  ^
1 warning generated.
configure:9056: $? = 0
configure:9078: result: yes
configure:8993: checking for snprintf
configure:9049: gcc -o conftest -O3 -DNDEBUG -finline-functions -fno-strict-aliasing  -fvisibility=hidden  -D_REENTRANT   conftest.c -lutil   >&5
conftest.c:54:6: warning: incompatible redeclaration of library function 'snprintf' [-Wincompatible-library-redeclaration]
char snprintf ();
     ^
conftest.c:54:6: note: 'snprintf' is a builtin with type 'int (char *, unsigned long, const char *, ...)'
1 warning generated.
configure:9056: $? = 0
configure:9078: result: yes
configure:8993: checking for vasprintf
configure:9049: gcc -o conftest -O3 -DNDEBUG -finline-functions -fno-strict-aliasing  -fvisibility=hidden  -D_REENTRANT   conftest.c -lutil   >&5
conftest.c:66:19: warning: format string missing [-Wformat]
return vasprintf ();
       ~~~~~~~~~  ^
1 warning generated.
configure:9056: $? = 0
configure:9078: result: yes
configure:8993: checking for vsnprintf
configure:9049: gcc -o conftest -O3 -DNDEBUG -finline-functions -fno-strict-aliasing  -fvisibility=hidden  -D_REENTRANT   conftest.c -lutil   >&5
conftest.c:56:6: warning: incompatible redeclaration of library function 'vsnprintf' [-Wincompatible-library-redeclaration]
char vsnprintf ();
     ^
conftest.c:56:6: note: 'vsnprintf' is a builtin with type 'int (char *, unsigned long, const char *, __va_list_tag *)'
1 warning generated.
configure:9056: $? = 0
configure:9078: result: yes
configure:8993: checking for strdup
configure:9049: gcc -o conftest -O3 -DNDEBUG -finline-functions -fno-strict-aliasing  -fvisibility=hidden  -D_REENTRANT   conftest.c -lutil   >&5
conftest.c:57:6: warning: incompatible redeclaration of library function 'strdup' [-Wincompatible-library-redeclaration]
char strdup ();
     ^
conftest.c:57:6: note: 'strdup' is a builtin with type 'char *(const char *)'
1 warning generated.
configure:9056: $? = 0
configure:9078: result: yes
configure:9122: checking for a sed that does not truncate output
configure:9188: result: /usr/bin/sed
configure:9206: checking for fgrep
configure:9270: result: /usr/bin/grep -F
configure:9305: checking for ld used by gcc
configure:9372: result: /Library/Developer/CommandLineTools/usr/bin/ld
configure:9381: checking if the linker (/Library/Developer/CommandLineTools/usr/bin/ld) is GNU ld
configure:9396: result: no
configure:9408: checking for BSD- or MS-compatible name lister (nm)
configure:9457: result: /usr/bin/nm
configure:9575: checking the name lister (/usr/bin/nm) interface
configure:9582: gcc -c -O3 -DNDEBUG -finline-functions -fno-strict-aliasing  -fvisibility=hidden  -D_REENTRANT conftest.c >&5
configure:9585: /usr/bin/nm "conftest.o"
configure:9588: output
0000000000000000 S _some_variable
configure:9595: result: BSD nm
configure:9598: checking whether ln -s works
configure:9602: result: yes
configure:9610: checking the maximum length of command line arguments
configure:9730: result: 196608
configure:9747: checking whether the shell understands some XSI constructs
configure:9757: result: yes
configure:9761: checking whether the shell understands "+="
configure:9767: result: yes
configure:9802: checking for /Library/Developer/CommandLineTools/usr/bin/ld option to reload object files
configure:9809: result: -r
configure:9878: checking for objdump
configure:9908: result: no
configure:9937: checking how to recognize dependent libraries
configure:10133: result: pass_all
configure:10298: checking for strip
configure:10314: found /usr/bin/strip
configure:10325: result: strip
configure:10397: checking for ranlib
configure:10424: result: ranlib
configure:10514: checking command to parse /usr/bin/nm output from gcc object
configure:10632: gcc -c -O3 -DNDEBUG -finline-functions -fno-strict-aliasing  -fvisibility=hidden  -D_REENTRANT conftest.c >&5
configure:10635: $? = 0
configure:10639: /usr/bin/nm conftest.o \| sed -n -e 's/^.*[	 ]\([BCDEGRST][BCDEGRST]*\)[	 ][	 ]*\([_A-Za-z][_A-Za-z0-9]*\)$/\1 \2 \2/p' \> conftest.nm
configure:10642: $? = 0
cannot find nm_test_var in conftest.nm
configure:10632: gcc -c -O3 -DNDEBUG -finline-functions -fno-strict-aliasing  -fvisibility=hidden  -D_REENTRANT conftest.c >&5
configure:10635: $? = 0
configure:10639: /usr/bin/nm conftest.o \| sed -n -e 's/^.*[	 ]\([BCDEGRST][BCDEGRST]*\)[	 ][	 ]*_\([_A-Za-z][_A-Za-z0-9]*\)$/\1 _\2 \2/p' \> conftest.nm
configure:10642: $? = 0
configure:10696: gcc -o conftest -O3 -DNDEBUG -finline-functions -fno-strict-aliasing  -fvisibility=hidden  -D_REENTRANT   conftest.c conftstm.o >&5
configure:10699: $? = 0
configure:10737: result: ok
configure:11030: checking for dsymutil
configure:11046: found /usr/bin/dsymutil
configure:11057: result: dsymutil
configure:11122: checking for nmedit
configure:11138: found /usr/bin/nmedit
configure:11149: result: nmedit
configure:11214: checking for lipo
configure:11230: found /usr/bin/lipo
configure:11241: result: lipo
configure:11306: checking for otool
configure:11322: found /usr/bin/otool
configure:11333: result: otool
configure:11398: checking for otool64
configure:11428: result: no
configure:11473: checking for -single_module linker flag
gcc -O3 -DNDEBUG -finline-functions -fno-strict-aliasing  -fvisibility=hidden   -o libconftest.dylib -dynamiclib -Wl,-single_module conftest.c
configure:11500: result: yes
configure:11502: checking for -exported_symbols_list linker flag
configure:11532: gcc -o conftest -O3 -DNDEBUG -finline-functions -fno-strict-aliasing  -fvisibility=hidden  -D_REENTRANT   -Wl,-exported_symbols_list,conftest.sym conftest.c -lutil   >&5
ld: warning: cannot export hidden symbol _main from /var/folders/4z/bphc10w96g99jh5306s0zrp00000gn/T/conftest-54b3aa.o
configure:11539: $? = 0
configure:11561: result: yes
configure:11602: checking for dlfcn.h
configure:11623: gcc -c -O3 -DNDEBUG -finline-functions -fno-strict-aliasing  -fvisibility=hidden  -D_REENTRANT conftest.c >&5
configure:11630: $? = 0
configure:11647: result: yes
configure:11774: checking for C++ compiler version
configure:11782: g++ --version >&5
Configured with: --prefix=/Library/Developer/CommandLineTools/usr --with-gxx-include-dir=/usr/include/c++/4.2.1
Apple LLVM version 6.0 (clang-600.0.54) (based on LLVM 3.5svn)
Target: x86_64-apple-darwin14.0.0
Thread model: posix
configure:11786: $? = 0
configure:11793: g++ -v >&5
Configured with: --prefix=/Library/Developer/CommandLineTools/usr --with-gxx-include-dir=/usr/include/c++/4.2.1
Apple LLVM version 6.0 (clang-600.0.54) (based on LLVM 3.5svn)
Target: x86_64-apple-darwin14.0.0
Thread model: posix
configure:11797: $? = 0
configure:11804: g++ -V >&5
clang: error: argument to '-V' is missing (expected 1 value)
clang: error: no input files
configure:11808: $? = 1
configure:11811: checking whether we are using the GNU C++ compiler
configure:11864: result: yes
configure:11873: checking whether g++ accepts -g
configure:12011: result: yes
configure:12036: checking dependency style of g++
configure:12146: result: gcc3
configure:12169: checking how to run the C++ preprocessor
configure:12283: result: g++ -E
configure:12312: g++ -E  -D_REENTRANT conftest.cpp
configure:12319: $? = 0
configure:12350: g++ -E  -D_REENTRANT conftest.cpp
conftest.cpp:36:10: fatal error: 'ac_nonexistent.h' file not found
#include <ac_nonexistent.h>
         ^
1 error generated.
configure:12357: $? = 1
configure: failed program was:
| /* confdefs.h.  */
| #define PACKAGE_NAME "VampirTrace"
| #define PACKAGE_TARNAME "vampirtrace"
| #define PACKAGE_VERSION "5.4.14"
| #define PACKAGE_STRING "VampirTrace 5.4.14"
| #define PACKAGE_BUGREPORT "vampirsupport@zih.tu-dresden.de"
| #define PACKAGE "VampirTrace"
| #define VERSION "5.4.14"
| #define STDC_HEADERS 1
| #define HAVE_SYS_TYPES_H 1
| #define HAVE_SYS_STAT_H 1
| #define HAVE_STDLIB_H 1
| #define HAVE_STRING_H 1
| #define HAVE_MEMORY_H 1
| #define HAVE_STRINGS_H 1
| #define HAVE_INTTYPES_H 1
| #define HAVE_STDINT_H 1
| #define HAVE_UNISTD_H 1
| #define HAVE_STDINT_H 1
| #define HAVE_INTTYPES_H 1
| #define HAVE_FNMATCH_H 1
| #define HAVE_SYS_PARAM_H 1
| #define SIZEOF_VOIDP 8
| #define SIZEOF_INT 4
| #define SIZEOF_LONG 8
| #define SIZEOF_MODE_T 2
| #define HAVE_VA_COPY 1
| #define HAVE_UNDERSCORE_VA_COPY 1
| #define HAVE_ASPRINTF 1
| #define HAVE_SNPRINTF 1
| #define HAVE_VASPRINTF 1
| #define HAVE_VSNPRINTF 1
| #define HAVE_STRDUP 1
| #define HAVE_DLFCN_H 1
| /* end confdefs.h.  */
| #include <ac_nonexistent.h>
configure:12452: checking for g77
configure:12482: result: no
configure:12452: checking for xlf
configure:12482: result: no
configure:12452: checking for f77
configure:12482: result: no
configure:12452: checking for frt
configure:12482: result: no
configure:12452: checking for pgf77
configure:12482: result: no
configure:12452: checking for cf77
configure:12482: result: no
configure:12452: checking for fort77
configure:12482: result: no
configure:12452: checking for fl32
configure:12482: result: no
configure:12452: checking for af77
configure:12482: result: no
configure:12452: checking for xlf90
configure:12482: result: no
configure:12452: checking for f90
configure:12482: result: no
configure:12452: checking for pgf90
configure:12482: result: no
configure:12452: checking for pghpf
configure:12482: result: no
configure:12452: checking for epcf90
configure:12482: result: no
configure:12452: checking for gfortran
configure:12482: result: no
configure:12452: checking for g95
configure:12482: result: no
configure:12452: checking for xlf95
configure:12482: result: no
configure:12452: checking for f95
configure:12482: result: no
configure:12452: checking for fort
configure:12482: result: no
configure:12452: checking for ifort
configure:12482: result: no
configure:12452: checking for ifc
configure:12482: result: no
configure:12452: checking for efc
configure:12482: result: no
configure:12452: checking for pgfortran
configure:12482: result: no
configure:12452: checking for pgf95
configure:12482: result: no
configure:12452: checking for lf95
configure:12482: result: no
configure:12452: checking for ftn
configure:12482: result: no
configure:12505: checking for Fortran 77 compiler version
configure:12513:  --version >&5
./configure: line 12515: --version: command not found
configure:12517: $? = 127
configure:12524:  -v >&5
./configure: line 12526: -v: command not found
configure:12528: $? = 127
configure:12535:  -V >&5
./configure: line 12537: -V: command not found
configure:12539: $? = 127
configure:12547: checking whether we are using the GNU Fortran 77 compiler
configure:12590: result: no
configure:12596: checking whether  accepts -g
configure:12636: result: no
configure:12726: checking for gfortran
configure:12756: result: no
configure:12726: checking for g95
configure:12756: result: no
configure:12726: checking for xlf95
configure:12756: result: no
configure:12726: checking for f95
configure:12756: result: no
configure:12726: checking for fort
configure:12756: result: no
configure:12726: checking for ifort
configure:12756: result: no
configure:12726: checking for ifc
configure:12756: result: no
configure:12726: checking for efc
configure:12756: result: no
configure:12726: checking for pgfortran
configure:12756: result: no
configure:12726: checking for pgf95
configure:12756: result: no
configure:12726: checking for lf95
configure:12756: result: no
configure:12726: checking for ftn
configure:12756: result: no
configure:12726: checking for xlf90
configure:12756: result: no
configure:12726: checking for f90
configure:12756: result: no
configure:12726: checking for pgf90
configure:12756: result: no
configure:12726: checking for pghpf
configure:12756: result: no
configure:12726: checking for epcf90
configure:12756: result: no
configure:12726: checking for g77
configure:12756: result: no
configure:12726: checking for xlf
configure:12756: result: no
configure:12726: checking for f77
configure:12756: result: no
configure:12726: checking for frt
configure:12756: result: no
configure:12726: checking for pgf77
configure:12756: result: no
configure:12726: checking for cf77
configure:12756: result: no
configure:12726: checking for fort77
configure:12756: result: no
configure:12726: checking for fl32
configure:12756: result: no
configure:12726: checking for af77
configure:12756: result: no
configure:12779: checking for Fortran compiler version
configure:12787:  --version >&5
./configure: line 12789: --version: command not found
configure:12791: $? = 127
configure:12798:  -v >&5
./configure: line 12800: -v: command not found
configure:12802: $? = 127
configure:12809:  -V >&5
./configure: line 12811: -V: command not found
configure:12813: $? = 127
configure:12821: checking whether we are using the GNU Fortran compiler
configure:12864: result: no
configure:12870: checking whether  accepts -g
configure:12910: result: no
configure:13113: checking for objdir
configure:13128: result: .libs
configure:13420: checking if gcc supports -fno-rtti -fno-exceptions
configure:13438: gcc -c -O3 -DNDEBUG -finline-functions -fno-strict-aliasing  -fvisibility=hidden  -D_REENTRANT -fno-rtti -fno-exceptions conftest.c >&5
configure:13442: $? = 0
configure:13455: result: yes
configure:13475: checking for gcc option to produce PIC
configure:13747: result: -fno-common -DPIC
configure:13759: checking if gcc PIC flag -fno-common -DPIC works
configure:13777: gcc -c -O3 -DNDEBUG -finline-functions -fno-strict-aliasing  -fvisibility=hidden  -D_REENTRANT -fno-common -DPIC -DPIC conftest.c >&5
configure:13781: $? = 0
configure:13794: result: yes
configure:13818: checking if gcc static flag -static works
configure:13846: result: no
configure:13861: checking if gcc supports -c -o file.o
configure:13882: gcc -c -O3 -DNDEBUG -finline-functions -fno-strict-aliasing  -fvisibility=hidden  -D_REENTRANT -o out/conftest2.o conftest.c >&5
configure:13886: $? = 0
configure:13908: result: yes
configure:13916: checking if gcc supports -c -o file.o
configure:13963: result: yes
configure:13996: checking whether the gcc linker (/Library/Developer/CommandLineTools/usr/bin/ld) supports shared libraries
configure:15070: result: yes
configure:15309: checking dynamic linker characteristics
configure:15992: result: darwin14.0.0 dyld
configure:16094: checking how to hardcode library paths into programs
configure:16119: result: immediate
configure:16952: checking whether stripping libraries is possible
configure:16966: result: yes
configure:16992: checking if libtool supports shared libraries
configure:16994: result: yes
configure:16997: checking whether to build shared libraries
configure:17018: result: yes
configure:17021: checking whether to build static libraries
configure:17025: result: yes
configure:17175: checking for ld used by g++
configure:17242: result: /Library/Developer/CommandLineTools/usr/bin/ld
configure:17251: checking if the linker (/Library/Developer/CommandLineTools/usr/bin/ld) is GNU ld
configure:17266: result: no
configure:17321: checking whether the g++ linker (/Library/Developer/CommandLineTools/usr/bin/ld) supports shared libraries
configure:18296: result: yes
configure:18324: g++ -c -O3 -DNDEBUG -finline-functions   -D_REENTRANT conftest.cpp >&5
configure:18327: $? = 0
configure:18509: checking for g++ option to produce PIC
configure:18826: result: -fno-common -DPIC
configure:18835: checking if g++ PIC flag -fno-common -DPIC works
configure:18853: g++ -c -O3 -DNDEBUG -finline-functions   -D_REENTRANT -fno-common -DPIC -DPIC conftest.cpp >&5
configure:18857: $? = 0
configure:18870: result: yes
configure:18891: checking if g++ static flag -static works
configure:18919: result: no
configure:18931: checking if g++ supports -c -o file.o
configure:18952: g++ -c -O3 -DNDEBUG -finline-functions   -D_REENTRANT -o out/conftest2.o conftest.cpp >&5
configure:18956: $? = 0
configure:18978: result: yes
configure:18983: checking if g++ supports -c -o file.o
configure:19030: result: yes
configure:19060: checking whether the g++ linker (/Library/Developer/CommandLineTools/usr/bin/ld) supports shared libraries
configure:19086: result: yes
configure:19223: checking dynamic linker characteristics
configure:19854: result: darwin14.0.0 dyld
configure:19905: checking how to hardcode library paths into programs
configure:19930: result: immediate
configure:25344: checking zlib.h usability
configure:25361: gcc -c -O3 -DNDEBUG -finline-functions -fno-strict-aliasing  -fvisibility=hidden  -D_REENTRANT  conftest.c >&5
configure:25368: $? = 0
configure:25382: result: yes
configure:25386: checking zlib.h presence
configure:25401: gcc -E  -D_REENTRANT  conftest.c
configure:25408: $? = 0
configure:25422: result: yes
configure:25455: checking for zlib.h
configure:25462: result: yes
configure:25483: checking whether linking with -lz works
configure:25506: gcc -o conftest -O3 -DNDEBUG -finline-functions -fno-strict-aliasing  -fvisibility=hidden  -D_REENTRANT   conftest.c -lutil    -lz >&5
configure:25513: $? = 0
configure:25521: result: yes
configure:25851: configuring in extlib/otf (/Users/apple/project/SwiftSnails/third/openmpi-1.4.5/ompi/contrib/vt/vt/extlib/otf)
configure:25932: running /bin/sh ./configure  --with-zlib-lib=-lz --prefix="/Users/apple/project/SwiftSnails/third/openmpi-1.4.5/../local/openmpi" --exec-prefix="${prefix}" --bindir="${exec_prefix}/bin" --libdir="${exec_prefix}/lib" --includedir="${prefix}/include/vampirtrace" --docdir="${datarootdir}/doc/otf"  --cache-file="/dev/null" --srcdir="."
configure:25984: checking for platform
configure:26047: result: macos
configure:27270: selected timer: TIMER_CYCLE_COUNTER
configure:27283: checking for BSD- or MS-compatible name lister (nm)
configure:27332: result: /usr/bin/nm
configure:27447: checking the name lister (/usr/bin/nm) interface
configure:27467: result: BSD nm
configure:27499: checking for compiler instrumentation
configure:27585: result: gnu
configure:27693: gcc -c -O3 -DNDEBUG -finline-functions -fno-strict-aliasing  -fvisibility=hidden  -D_REENTRANT conftest.c >&5
configure:27700: $? = 0
configure:27709: checking if /usr/bin/nm demangle option --demangle works
configure:27721: result: no
configure:27731: checking if /usr/bin/nm line numbers option --line-numbers works
configure:27743: result: no
configure:27940: checking BPatch.h usability
configure:27957: g++ -c -O3 -DNDEBUG -finline-functions   -D_REENTRANT  conftest.cpp >&5
conftest.cpp:75:10: fatal error: 'BPatch.h' file not found
#include <BPatch.h>
         ^
1 error generated.
configure:27964: $? = 1
configure: failed program was:
| /* confdefs.h.  */
| #define PACKAGE_NAME "VampirTrace"
| #define PACKAGE_TARNAME "vampirtrace"
| #define PACKAGE_VERSION "5.4.14"
| #define PACKAGE_STRING "VampirTrace 5.4.14"
| #define PACKAGE_BUGREPORT "vampirsupport@zih.tu-dresden.de"
| #define PACKAGE "VampirTrace"
| #define VERSION "5.4.14"
| #define STDC_HEADERS 1
| #define HAVE_SYS_TYPES_H 1
| #define HAVE_SYS_STAT_H 1
| #define HAVE_STDLIB_H 1
| #define HAVE_STRING_H 1
| #define HAVE_MEMORY_H 1
| #define HAVE_STRINGS_H 1
| #define HAVE_INTTYPES_H 1
| #define HAVE_STDINT_H 1
| #define HAVE_UNISTD_H 1
| #define HAVE_STDINT_H 1
| #define HAVE_INTTYPES_H 1
| #define HAVE_FNMATCH_H 1
| #define HAVE_SYS_PARAM_H 1
| #define SIZEOF_VOIDP 8
| #define SIZEOF_INT 4
| #define SIZEOF_LONG 8
| #define SIZEOF_MODE_T 2
| #define HAVE_VA_COPY 1
| #define HAVE_UNDERSCORE_VA_COPY 1
| #define HAVE_ASPRINTF 1
| #define HAVE_SNPRINTF 1
| #define HAVE_VASPRINTF 1
| #define HAVE_VSNPRINTF 1
| #define HAVE_STRDUP 1
| #define HAVE_DLFCN_H 1
| #define LT_OBJDIR ".libs/"
| #define DISABLE_CLOCK_SYNC 0
| #define TIMER_CYCLE_COUNTER 1
| #define TIMER_GETTIMEOFDAY 2
| #define TIMER TIMER_CYCLE_COUNTER
| #define DEFAULT_NM "/usr/bin/nm"
| /* end confdefs.h.  */
| #include <stdio.h>
| #ifdef HAVE_SYS_TYPES_H
| # include <sys/types.h>
| #endif
| #ifdef HAVE_SYS_STAT_H
| # include <sys/stat.h>
| #endif
| #ifdef STDC_HEADERS
| # include <stdlib.h>
| # include <stddef.h>
| #else
| # ifdef HAVE_STDLIB_H
| #  include <stdlib.h>
| # endif
| #endif
| #ifdef HAVE_STRING_H
| # if !defined STDC_HEADERS && defined HAVE_MEMORY_H
| #  include <memory.h>
| # endif
| # include <string.h>
| #endif
| #ifdef HAVE_STRINGS_H
| # include <strings.h>
| #endif
| #ifdef HAVE_INTTYPES_H
| # include <inttypes.h>
| #endif
| #ifdef HAVE_STDINT_H
| # include <stdint.h>
| #endif
| #ifdef HAVE_UNISTD_H
| # include <unistd.h>
| #endif
| #include <BPatch.h>
configure:27978: result: no
configure:27982: checking BPatch.h presence
configure:27997: g++ -E  -D_REENTRANT  conftest.cpp
conftest.cpp:42:10: fatal error: 'BPatch.h' file not found
#include <BPatch.h>
         ^
1 error generated.
configure:28004: $? = 1
configure: failed program was:
| /* confdefs.h.  */
| #define PACKAGE_NAME "VampirTrace"
| #define PACKAGE_TARNAME "vampirtrace"
| #define PACKAGE_VERSION "5.4.14"
| #define PACKAGE_STRING "VampirTrace 5.4.14"
| #define PACKAGE_BUGREPORT "vampirsupport@zih.tu-dresden.de"
| #define PACKAGE "VampirTrace"
| #define VERSION "5.4.14"
| #define STDC_HEADERS 1
| #define HAVE_SYS_TYPES_H 1
| #define HAVE_SYS_STAT_H 1
| #define HAVE_STDLIB_H 1
| #define HAVE_STRING_H 1
| #define HAVE_MEMORY_H 1
| #define HAVE_STRINGS_H 1
| #define HAVE_INTTYPES_H 1
| #define HAVE_STDINT_H 1
| #define HAVE_UNISTD_H 1
| #define HAVE_STDINT_H 1
| #define HAVE_INTTYPES_H 1
| #define HAVE_FNMATCH_H 1
| #define HAVE_SYS_PARAM_H 1
| #define SIZEOF_VOIDP 8
| #define SIZEOF_INT 4
| #define SIZEOF_LONG 8
| #define SIZEOF_MODE_T 2
| #define HAVE_VA_COPY 1
| #define HAVE_UNDERSCORE_VA_COPY 1
| #define HAVE_ASPRINTF 1
| #define HAVE_SNPRINTF 1
| #define HAVE_VASPRINTF 1
| #define HAVE_VSNPRINTF 1
| #define HAVE_STRDUP 1
| #define HAVE_DLFCN_H 1
| #define LT_OBJDIR ".libs/"
| #define DISABLE_CLOCK_SYNC 0
| #define TIMER_CYCLE_COUNTER 1
| #define TIMER_GETTIMEOFDAY 2
| #define TIMER TIMER_CYCLE_COUNTER
| #define DEFAULT_NM "/usr/bin/nm"
| /* end confdefs.h.  */
| #include <BPatch.h>
configure:28018: result: no
configure:28051: checking for BPatch.h
configure:28058: result: no
configure:28066: error: no BPatch.h found; check path for Dyninst package first...
configure:28418: skipped further tests for MPI
configure:29003: checking for OpenMP flag of C compiler
configure:29049: gcc -o conftest -O3 -DNDEBUG -finline-functions -fno-strict-aliasing  -fvisibility=hidden -mp -DINSIDE_OPENMPI  -D_REENTRANT   conftest.c -lutil   >&5
clang: error: unknown argument: '-mp'
configure:29056: $? = 1
configure: failed program was:
| /* confdefs.h.  */
| #define PACKAGE_NAME "VampirTrace"
| #define PACKAGE_TARNAME "vampirtrace"
| #define PACKAGE_VERSION "5.4.14"
| #define PACKAGE_STRING "VampirTrace 5.4.14"
| #define PACKAGE_BUGREPORT "vampirsupport@zih.tu-dresden.de"
| #define PACKAGE "VampirTrace"
| #define VERSION "5.4.14"
| #define STDC_HEADERS 1
| #define HAVE_SYS_TYPES_H 1
| #define HAVE_SYS_STAT_H 1
| #define HAVE_STDLIB_H 1
| #define HAVE_STRING_H 1
| #define HAVE_MEMORY_H 1
| #define HAVE_STRINGS_H 1
| #define HAVE_INTTYPES_H 1
| #define HAVE_STDINT_H 1
| #define HAVE_UNISTD_H 1
| #define HAVE_STDINT_H 1
| #define HAVE_INTTYPES_H 1
| #define HAVE_FNMATCH_H 1
| #define HAVE_SYS_PARAM_H 1
| #define SIZEOF_VOIDP 8
| #define SIZEOF_INT 4
| #define SIZEOF_LONG 8
| #define SIZEOF_MODE_T 2
| #define HAVE_VA_COPY 1
| #define HAVE_UNDERSCORE_VA_COPY 1
| #define HAVE_ASPRINTF 1
| #define HAVE_SNPRINTF 1
| #define HAVE_VASPRINTF 1
| #define HAVE_VSNPRINTF 1
| #define HAVE_STRDUP 1
| #define HAVE_DLFCN_H 1
| #define LT_OBJDIR ".libs/"
| #define DISABLE_CLOCK_SYNC 0
| #define TIMER_CYCLE_COUNTER 1
| #define TIMER_GETTIMEOFDAY 2
| #define TIMER TIMER_CYCLE_COUNTER
| #define DEFAULT_NM "/usr/bin/nm"
| #define HAVE_MPIO 1
| /* end confdefs.h.  */
| 
| /* Override any GCC internal prototype to avoid an error.
|    Use char because int might match the return type of a GCC
|    builtin and then its argument prototype would still apply.  */
| #ifdef __cplusplus
| extern "C"
| #endif
| char omp_set_num_threads ();
| int
| main ()
| {
| return omp_set_num_threads ();
|   ;
|   return 0;
| }
configure:29049: gcc -o conftest -O3 -DNDEBUG -finline-functions -fno-strict-aliasing  -fvisibility=hidden -fopenmp -DINSIDE_OPENMPI  -D_REENTRANT   conftest.c -lutil   >&5
ld: library not found for -lgomp
clang: error: linker command failed with exit code 1 (use -v to see invocation)
configure:29056: $? = 1
configure: failed program was:
| /* confdefs.h.  */
| #define PACKAGE_NAME "VampirTrace"
| #define PACKAGE_TARNAME "vampirtrace"
| #define PACKAGE_VERSION "5.4.14"
| #define PACKAGE_STRING "VampirTrace 5.4.14"
| #define PACKAGE_BUGREPORT "vampirsupport@zih.tu-dresden.de"
| #define PACKAGE "VampirTrace"
| #define VERSION "5.4.14"
| #define STDC_HEADERS 1
| #define HAVE_SYS_TYPES_H 1
| #define HAVE_SYS_STAT_H 1
| #define HAVE_STDLIB_H 1
| #define HAVE_STRING_H 1
| #define HAVE_MEMORY_H 1
| #define HAVE_STRINGS_H 1
| #define HAVE_INTTYPES_H 1
| #define HAVE_STDINT_H 1
| #define HAVE_UNISTD_H 1
| #define HAVE_STDINT_H 1
| #define HAVE_INTTYPES_H 1
| #define HAVE_FNMATCH_H 1
| #define HAVE_SYS_PARAM_H 1
| #define SIZEOF_VOIDP 8
| #define SIZEOF_INT 4
| #define SIZEOF_LONG 8
| #define SIZEOF_MODE_T 2
| #define HAVE_VA_COPY 1
| #define HAVE_UNDERSCORE_VA_COPY 1
| #define HAVE_ASPRINTF 1
| #define HAVE_SNPRINTF 1
| #define HAVE_VASPRINTF 1
| #define HAVE_VSNPRINTF 1
| #define HAVE_STRDUP 1
| #define HAVE_DLFCN_H 1
| #define LT_OBJDIR ".libs/"
| #define DISABLE_CLOCK_SYNC 0
| #define TIMER_CYCLE_COUNTER 1
| #define TIMER_GETTIMEOFDAY 2
| #define TIMER TIMER_CYCLE_COUNTER
| #define DEFAULT_NM "/usr/bin/nm"
| #define HAVE_MPIO 1
| /* end confdefs.h.  */
| 
| /* Override any GCC internal prototype to avoid an error.
|    Use char because int might match the return type of a GCC
|    builtin and then its argument prototype would still apply.  */
| #ifdef __cplusplus
| extern "C"
| #endif
| char omp_set_num_threads ();
| int
| main ()
| {
| return omp_set_num_threads ();
|   ;
|   return 0;
| }
configure:29049: gcc -o conftest -O3 -DNDEBUG -finline-functions -fno-strict-aliasing  -fvisibility=hidden -openmp -DINSIDE_OPENMPI  -D_REENTRANT   conftest.c -lutil   >&5
Undefined symbols for architecture x86_64:
  "_omp_set_num_threads", referenced from:
      _main in conftest-418502.o
ld: symbol(s) not found for architecture x86_64
clang: error: linker command failed with exit code 1 (use -v to see invocation)
configure:29056: $? = 1
configure: failed program was:
| /* confdefs.h.  */
| #define PACKAGE_NAME "VampirTrace"
| #define PACKAGE_TARNAME "vampirtrace"
| #define PACKAGE_VERSION "5.4.14"
| #define PACKAGE_STRING "VampirTrace 5.4.14"
| #define PACKAGE_BUGREPORT "vampirsupport@zih.tu-dresden.de"
| #define PACKAGE "VampirTrace"
| #define VERSION "5.4.14"
| #define STDC_HEADERS 1
| #define HAVE_SYS_TYPES_H 1
| #define HAVE_SYS_STAT_H 1
| #define HAVE_STDLIB_H 1
| #define HAVE_STRING_H 1
| #define HAVE_MEMORY_H 1
| #define HAVE_STRINGS_H 1
| #define HAVE_INTTYPES_H 1
| #define HAVE_STDINT_H 1
| #define HAVE_UNISTD_H 1
| #define HAVE_STDINT_H 1
| #define HAVE_INTTYPES_H 1
| #define HAVE_FNMATCH_H 1
| #define HAVE_SYS_PARAM_H 1
| #define SIZEOF_VOIDP 8
| #define SIZEOF_INT 4
| #define SIZEOF_LONG 8
| #define SIZEOF_MODE_T 2
| #define HAVE_VA_COPY 1
| #define HAVE_UNDERSCORE_VA_COPY 1
| #define HAVE_ASPRINTF 1
| #define HAVE_SNPRINTF 1
| #define HAVE_VASPRINTF 1
| #define HAVE_VSNPRINTF 1
| #define HAVE_STRDUP 1
| #define HAVE_DLFCN_H 1
| #define LT_OBJDIR ".libs/"
| #define DISABLE_CLOCK_SYNC 0
| #define TIMER_CYCLE_COUNTER 1
| #define TIMER_GETTIMEOFDAY 2
| #define TIMER TIMER_CYCLE_COUNTER
| #define DEFAULT_NM "/usr/bin/nm"
| #define HAVE_MPIO 1
| /* end confdefs.h.  */
| 
| /* Override any GCC internal prototype to avoid an error.
|    Use char because int might match the return type of a GCC
|    builtin and then its argument prototype would still apply.  */
| #ifdef __cplusplus
| extern "C"
| #endif
| char omp_set_num_threads ();
| int
| main ()
| {
| return omp_set_num_threads ();
|   ;
|   return 0;
| }
configure:29049: gcc -o conftest -O3 -DNDEBUG -finline-functions -fno-strict-aliasing  -fvisibility=hidden -xopenmp -DINSIDE_OPENMPI  -D_REENTRANT   conftest.c -lutil   >&5
clang: error: language not recognized: 'openmp'
configure:29056: $? = 1
configure: failed program was:
| /* confdefs.h.  */
| #define PACKAGE_NAME "VampirTrace"
| #define PACKAGE_TARNAME "vampirtrace"
| #define PACKAGE_VERSION "5.4.14"
| #define PACKAGE_STRING "VampirTrace 5.4.14"
| #define PACKAGE_BUGREPORT "vampirsupport@zih.tu-dresden.de"
| #define PACKAGE "VampirTrace"
| #define VERSION "5.4.14"
| #define STDC_HEADERS 1
| #define HAVE_SYS_TYPES_H 1
| #define HAVE_SYS_STAT_H 1
| #define HAVE_STDLIB_H 1
| #define HAVE_STRING_H 1
| #define HAVE_MEMORY_H 1
| #define HAVE_STRINGS_H 1
| #define HAVE_INTTYPES_H 1
| #define HAVE_STDINT_H 1
| #define HAVE_UNISTD_H 1
| #define HAVE_STDINT_H 1
| #define HAVE_INTTYPES_H 1
| #define HAVE_FNMATCH_H 1
| #define HAVE_SYS_PARAM_H 1
| #define SIZEOF_VOIDP 8
| #define SIZEOF_INT 4
| #define SIZEOF_LONG 8
| #define SIZEOF_MODE_T 2
| #define HAVE_VA_COPY 1
| #define HAVE_UNDERSCORE_VA_COPY 1
| #define HAVE_ASPRINTF 1
| #define HAVE_SNPRINTF 1
| #define HAVE_VASPRINTF 1
| #define HAVE_VSNPRINTF 1
| #define HAVE_STRDUP 1
| #define HAVE_DLFCN_H 1
| #define LT_OBJDIR ".libs/"
| #define DISABLE_CLOCK_SYNC 0
| #define TIMER_CYCLE_COUNTER 1
| #define TIMER_GETTIMEOFDAY 2
| #define TIMER TIMER_CYCLE_COUNTER
| #define DEFAULT_NM "/usr/bin/nm"
| #define HAVE_MPIO 1
| /* end confdefs.h.  */
| 
| /* Override any GCC internal prototype to avoid an error.
|    Use char because int might match the return type of a GCC
|    builtin and then its argument prototype would still apply.  */
| #ifdef __cplusplus
| extern "C"
| #endif
| char omp_set_num_threads ();
| int
| main ()
| {
| return omp_set_num_threads ();
|   ;
|   return 0;
| }
configure:29049: gcc -o conftest -O3 -DNDEBUG -finline-functions -fno-strict-aliasing  -fvisibility=hidden -omp -DINSIDE_OPENMPI  -D_REENTRANT   conftest.c -lutil   >&5
Undefined symbols for architecture x86_64:
  "_omp_set_num_threads", referenced from:
      _main in conftest-b59829.o
ld: symbol(s) not found for architecture x86_64
clang: error: linker command failed with exit code 1 (use -v to see invocation)
configure:29056: $? = 1
configure: failed program was:
| /* confdefs.h.  */
| #define PACKAGE_NAME "VampirTrace"
| #define PACKAGE_TARNAME "vampirtrace"
| #define PACKAGE_VERSION "5.4.14"
| #define PACKAGE_STRING "VampirTrace 5.4.14"
| #define PACKAGE_BUGREPORT "vampirsupport@zih.tu-dresden.de"
| #define PACKAGE "VampirTrace"
| #define VERSION "5.4.14"
| #define STDC_HEADERS 1
| #define HAVE_SYS_TYPES_H 1
| #define HAVE_SYS_STAT_H 1
| #define HAVE_STDLIB_H 1
| #define HAVE_STRING_H 1
| #define HAVE_MEMORY_H 1
| #define HAVE_STRINGS_H 1
| #define HAVE_INTTYPES_H 1
| #define HAVE_STDINT_H 1
| #define HAVE_UNISTD_H 1
| #define HAVE_STDINT_H 1
| #define HAVE_INTTYPES_H 1
| #define HAVE_FNMATCH_H 1
| #define HAVE_SYS_PARAM_H 1
| #define SIZEOF_VOIDP 8
| #define SIZEOF_INT 4
| #define SIZEOF_LONG 8
| #define SIZEOF_MODE_T 2
| #define HAVE_VA_COPY 1
| #define HAVE_UNDERSCORE_VA_COPY 1
| #define HAVE_ASPRINTF 1
| #define HAVE_SNPRINTF 1
| #define HAVE_VASPRINTF 1
| #define HAVE_VSNPRINTF 1
| #define HAVE_STRDUP 1
| #define HAVE_DLFCN_H 1
| #define LT_OBJDIR ".libs/"
| #define DISABLE_CLOCK_SYNC 0
| #define TIMER_CYCLE_COUNTER 1
| #define TIMER_GETTIMEOFDAY 2
| #define TIMER TIMER_CYCLE_COUNTER
| #define DEFAULT_NM "/usr/bin/nm"
| #define HAVE_MPIO 1
| /* end confdefs.h.  */
| 
| /* Override any GCC internal prototype to avoid an error.
|    Use char because int might match the return type of a GCC
|    builtin and then its argument prototype would still apply.  */
| #ifdef __cplusplus
| extern "C"
| #endif
| char omp_set_num_threads ();
| int
| main ()
| {
| return omp_set_num_threads ();
|   ;
|   return 0;
| }
configure:29049: gcc -o conftest -O3 -DNDEBUG -finline-functions -fno-strict-aliasing  -fvisibility=hidden -qsmp=omp -DINSIDE_OPENMPI  -D_REENTRANT   conftest.c -lutil   >&5
clang: error: unknown argument: '-qsmp=omp'
configure:29056: $? = 1
configure: failed program was:
| /* confdefs.h.  */
| #define PACKAGE_NAME "VampirTrace"
| #define PACKAGE_TARNAME "vampirtrace"
| #define PACKAGE_VERSION "5.4.14"
| #define PACKAGE_STRING "VampirTrace 5.4.14"
| #define PACKAGE_BUGREPORT "vampirsupport@zih.tu-dresden.de"
| #define PACKAGE "VampirTrace"
| #define VERSION "5.4.14"
| #define STDC_HEADERS 1
| #define HAVE_SYS_TYPES_H 1
| #define HAVE_SYS_STAT_H 1
| #define HAVE_STDLIB_H 1
| #define HAVE_STRING_H 1
| #define HAVE_MEMORY_H 1
| #define HAVE_STRINGS_H 1
| #define HAVE_INTTYPES_H 1
| #define HAVE_STDINT_H 1
| #define HAVE_UNISTD_H 1
| #define HAVE_STDINT_H 1
| #define HAVE_INTTYPES_H 1
| #define HAVE_FNMATCH_H 1
| #define HAVE_SYS_PARAM_H 1
| #define SIZEOF_VOIDP 8
| #define SIZEOF_INT 4
| #define SIZEOF_LONG 8
| #define SIZEOF_MODE_T 2
| #define HAVE_VA_COPY 1
| #define HAVE_UNDERSCORE_VA_COPY 1
| #define HAVE_ASPRINTF 1
| #define HAVE_SNPRINTF 1
| #define HAVE_VASPRINTF 1
| #define HAVE_VSNPRINTF 1
| #define HAVE_STRDUP 1
| #define HAVE_DLFCN_H 1
| #define LT_OBJDIR ".libs/"
| #define DISABLE_CLOCK_SYNC 0
| #define TIMER_CYCLE_COUNTER 1
| #define TIMER_GETTIMEOFDAY 2
| #define TIMER TIMER_CYCLE_COUNTER
| #define DEFAULT_NM "/usr/bin/nm"
| #define HAVE_MPIO 1
| /* end confdefs.h.  */
| 
| /* Override any GCC internal prototype to avoid an error.
|    Use char because int might match the return type of a GCC
|    builtin and then its argument prototype would still apply.  */
| #ifdef __cplusplus
| extern "C"
| #endif
| char omp_set_num_threads ();
| int
| main ()
| {
| return omp_set_num_threads ();
|   ;
|   return 0;
| }
configure:29049: gcc -o conftest  -DINSIDE_OPENMPI  -D_REENTRANT   conftest.c -lutil   >&5
Undefined symbols for architecture x86_64:
  "_omp_set_num_threads", referenced from:
      _main in conftest-01da3a.o
ld: symbol(s) not found for architecture x86_64
clang: error: linker command failed with exit code 1 (use -v to see invocation)
configure:29056: $? = 1
configure: failed program was:
| /* confdefs.h.  */
| #define PACKAGE_NAME "VampirTrace"
| #define PACKAGE_TARNAME "vampirtrace"
| #define PACKAGE_VERSION "5.4.14"
| #define PACKAGE_STRING "VampirTrace 5.4.14"
| #define PACKAGE_BUGREPORT "vampirsupport@zih.tu-dresden.de"
| #define PACKAGE "VampirTrace"
| #define VERSION "5.4.14"
| #define STDC_HEADERS 1
| #define HAVE_SYS_TYPES_H 1
| #define HAVE_SYS_STAT_H 1
| #define HAVE_STDLIB_H 1
| #define HAVE_STRING_H 1
| #define HAVE_MEMORY_H 1
| #define HAVE_STRINGS_H 1
| #define HAVE_INTTYPES_H 1
| #define HAVE_STDINT_H 1
| #define HAVE_UNISTD_H 1
| #define HAVE_STDINT_H 1
| #define HAVE_INTTYPES_H 1
| #define HAVE_FNMATCH_H 1
| #define HAVE_SYS_PARAM_H 1
| #define SIZEOF_VOIDP 8
| #define SIZEOF_INT 4
| #define SIZEOF_LONG 8
| #define SIZEOF_MODE_T 2
| #define HAVE_VA_COPY 1
| #define HAVE_UNDERSCORE_VA_COPY 1
| #define HAVE_ASPRINTF 1
| #define HAVE_SNPRINTF 1
| #define HAVE_VASPRINTF 1
| #define HAVE_VSNPRINTF 1
| #define HAVE_STRDUP 1
| #define HAVE_DLFCN_H 1
| #define LT_OBJDIR ".libs/"
| #define DISABLE_CLOCK_SYNC 0
| #define TIMER_CYCLE_COUNTER 1
| #define TIMER_GETTIMEOFDAY 2
| #define TIMER TIMER_CYCLE_COUNTER
| #define DEFAULT_NM "/usr/bin/nm"
| #define HAVE_MPIO 1
| /* end confdefs.h.  */
| 
| /* Override any GCC internal prototype to avoid an error.
|    Use char because int might match the return type of a GCC
|    builtin and then its argument prototype would still apply.  */
| #ifdef __cplusplus
| extern "C"
| #endif
| char omp_set_num_threads ();
| int
| main ()
| {
| return omp_set_num_threads ();
|   ;
|   return 0;
| }
configure:29079: result: unknown
configure:29353: checking malloc.h usability
configure:29370: gcc -c -O3 -DNDEBUG -finline-functions -fno-strict-aliasing  -fvisibility=hidden -DINSIDE_OPENMPI  -D_REENTRANT conftest.c >&5
conftest.c:76:10: fatal error: 'malloc.h' file not found
#include <malloc.h>
         ^
1 error generated.
configure:29377: $? = 1
configure: failed program was:
| /* confdefs.h.  */
| #define PACKAGE_NAME "VampirTrace"
| #define PACKAGE_TARNAME "vampirtrace"
| #define PACKAGE_VERSION "5.4.14"
| #define PACKAGE_STRING "VampirTrace 5.4.14"
| #define PACKAGE_BUGREPORT "vampirsupport@zih.tu-dresden.de"
| #define PACKAGE "VampirTrace"
| #define VERSION "5.4.14"
| #define STDC_HEADERS 1
| #define HAVE_SYS_TYPES_H 1
| #define HAVE_SYS_STAT_H 1
| #define HAVE_STDLIB_H 1
| #define HAVE_STRING_H 1
| #define HAVE_MEMORY_H 1
| #define HAVE_STRINGS_H 1
| #define HAVE_INTTYPES_H 1
| #define HAVE_STDINT_H 1
| #define HAVE_UNISTD_H 1
| #define HAVE_STDINT_H 1
| #define HAVE_INTTYPES_H 1
| #define HAVE_FNMATCH_H 1
| #define HAVE_SYS_PARAM_H 1
| #define SIZEOF_VOIDP 8
| #define SIZEOF_INT 4
| #define SIZEOF_LONG 8
| #define SIZEOF_MODE_T 2
| #define HAVE_VA_COPY 1
| #define HAVE_UNDERSCORE_VA_COPY 1
| #define HAVE_ASPRINTF 1
| #define HAVE_SNPRINTF 1
| #define HAVE_VASPRINTF 1
| #define HAVE_VSNPRINTF 1
| #define HAVE_STRDUP 1
| #define HAVE_DLFCN_H 1
| #define LT_OBJDIR ".libs/"
| #define DISABLE_CLOCK_SYNC 0
| #define TIMER_CYCLE_COUNTER 1
| #define TIMER_GETTIMEOFDAY 2
| #define TIMER TIMER_CYCLE_COUNTER
| #define DEFAULT_NM "/usr/bin/nm"
| #define HAVE_MPIO 1
| /* end confdefs.h.  */
| #include <stdio.h>
| #ifdef HAVE_SYS_TYPES_H
| # include <sys/types.h>
| #endif
| #ifdef HAVE_SYS_STAT_H
| # include <sys/stat.h>
| #endif
| #ifdef STDC_HEADERS
| # include <stdlib.h>
| # include <stddef.h>
| #else
| # ifdef HAVE_STDLIB_H
| #  include <stdlib.h>
| # endif
| #endif
| #ifdef HAVE_STRING_H
| # if !defined STDC_HEADERS && defined HAVE_MEMORY_H
| #  include <memory.h>
| # endif
| # include <string.h>
| #endif
| #ifdef HAVE_STRINGS_H
| # include <strings.h>
| #endif
| #ifdef HAVE_INTTYPES_H
| # include <inttypes.h>
| #endif
| #ifdef HAVE_STDINT_H
| # include <stdint.h>
| #endif
| #ifdef HAVE_UNISTD_H
| # include <unistd.h>
| #endif
| #include <malloc.h>
configure:29391: result: no
configure:29395: checking malloc.h presence
configure:29410: gcc -E -DINSIDE_OPENMPI  -D_REENTRANT conftest.c
conftest.c:43:10: fatal error: 'malloc.h' file not found
#include <malloc.h>
         ^
1 error generated.
configure:29417: $? = 1
configure: failed program was:
| /* confdefs.h.  */
| #define PACKAGE_NAME "VampirTrace"
| #define PACKAGE_TARNAME "vampirtrace"
| #define PACKAGE_VERSION "5.4.14"
| #define PACKAGE_STRING "VampirTrace 5.4.14"
| #define PACKAGE_BUGREPORT "vampirsupport@zih.tu-dresden.de"
| #define PACKAGE "VampirTrace"
| #define VERSION "5.4.14"
| #define STDC_HEADERS 1
| #define HAVE_SYS_TYPES_H 1
| #define HAVE_SYS_STAT_H 1
| #define HAVE_STDLIB_H 1
| #define HAVE_STRING_H 1
| #define HAVE_MEMORY_H 1
| #define HAVE_STRINGS_H 1
| #define HAVE_INTTYPES_H 1
| #define HAVE_STDINT_H 1
| #define HAVE_UNISTD_H 1
| #define HAVE_STDINT_H 1
| #define HAVE_INTTYPES_H 1
| #define HAVE_FNMATCH_H 1
| #define HAVE_SYS_PARAM_H 1
| #define SIZEOF_VOIDP 8
| #define SIZEOF_INT 4
| #define SIZEOF_LONG 8
| #define SIZEOF_MODE_T 2
| #define HAVE_VA_COPY 1
| #define HAVE_UNDERSCORE_VA_COPY 1
| #define HAVE_ASPRINTF 1
| #define HAVE_SNPRINTF 1
| #define HAVE_VASPRINTF 1
| #define HAVE_VSNPRINTF 1
| #define HAVE_STRDUP 1
| #define HAVE_DLFCN_H 1
| #define LT_OBJDIR ".libs/"
| #define DISABLE_CLOCK_SYNC 0
| #define TIMER_CYCLE_COUNTER 1
| #define TIMER_GETTIMEOFDAY 2
| #define TIMER TIMER_CYCLE_COUNTER
| #define DEFAULT_NM "/usr/bin/nm"
| #define HAVE_MPIO 1
| /* end confdefs.h.  */
| #include <malloc.h>
configure:29431: result: no
configure:29464: checking for malloc.h
configure:29471: result: no
configure:29479: error: no malloc.h found
configure:29794: not supported on MacOS
configure:30474: checking papi.h usability
configure:30491: gcc -c -O3 -DNDEBUG -finline-functions -fno-strict-aliasing  -fvisibility=hidden -DINSIDE_OPENMPI  -D_REENTRANT  conftest.c >&5
conftest.c:76:10: fatal error: 'papi.h' file not found
#include <papi.h>
         ^
1 error generated.
configure:30498: $? = 1
configure: failed program was:
| /* confdefs.h.  */
| #define PACKAGE_NAME "VampirTrace"
| #define PACKAGE_TARNAME "vampirtrace"
| #define PACKAGE_VERSION "5.4.14"
| #define PACKAGE_STRING "VampirTrace 5.4.14"
| #define PACKAGE_BUGREPORT "vampirsupport@zih.tu-dresden.de"
| #define PACKAGE "VampirTrace"
| #define VERSION "5.4.14"
| #define STDC_HEADERS 1
| #define HAVE_SYS_TYPES_H 1
| #define HAVE_SYS_STAT_H 1
| #define HAVE_STDLIB_H 1
| #define HAVE_STRING_H 1
| #define HAVE_MEMORY_H 1
| #define HAVE_STRINGS_H 1
| #define HAVE_INTTYPES_H 1
| #define HAVE_STDINT_H 1
| #define HAVE_UNISTD_H 1
| #define HAVE_STDINT_H 1
| #define HAVE_INTTYPES_H 1
| #define HAVE_FNMATCH_H 1
| #define HAVE_SYS_PARAM_H 1
| #define SIZEOF_VOIDP 8
| #define SIZEOF_INT 4
| #define SIZEOF_LONG 8
| #define SIZEOF_MODE_T 2
| #define HAVE_VA_COPY 1
| #define HAVE_UNDERSCORE_VA_COPY 1
| #define HAVE_ASPRINTF 1
| #define HAVE_SNPRINTF 1
| #define HAVE_VASPRINTF 1
| #define HAVE_VSNPRINTF 1
| #define HAVE_STRDUP 1
| #define HAVE_DLFCN_H 1
| #define LT_OBJDIR ".libs/"
| #define DISABLE_CLOCK_SYNC 0
| #define TIMER_CYCLE_COUNTER 1
| #define TIMER_GETTIMEOFDAY 2
| #define TIMER TIMER_CYCLE_COUNTER
| #define DEFAULT_NM "/usr/bin/nm"
| #define HAVE_MPIO 1
| /* end confdefs.h.  */
| #include <stdio.h>
| #ifdef HAVE_SYS_TYPES_H
| # include <sys/types.h>
| #endif
| #ifdef HAVE_SYS_STAT_H
| # include <sys/stat.h>
| #endif
| #ifdef STDC_HEADERS
| # include <stdlib.h>
| # include <stddef.h>
| #else
| # ifdef HAVE_STDLIB_H
| #  include <stdlib.h>
| # endif
| #endif
| #ifdef HAVE_STRING_H
| # if !defined STDC_HEADERS && defined HAVE_MEMORY_H
| #  include <memory.h>
| # endif
| # include <string.h>
| #endif
| #ifdef HAVE_STRINGS_H
| # include <strings.h>
| #endif
| #ifdef HAVE_INTTYPES_H
| # include <inttypes.h>
| #endif
| #ifdef HAVE_STDINT_H
| # include <stdint.h>
| #endif
| #ifdef HAVE_UNISTD_H
| # include <unistd.h>
| #endif
| #include <papi.h>
configure:30512: result: no
configure:30516: checking papi.h presence
configure:30531: gcc -E -DINSIDE_OPENMPI  -D_REENTRANT  conftest.c
conftest.c:43:10: fatal error: 'papi.h' file not found
#include <papi.h>
         ^
1 error generated.
configure:30538: $? = 1
configure: failed program was:
| /* confdefs.h.  */
| #define PACKAGE_NAME "VampirTrace"
| #define PACKAGE_TARNAME "vampirtrace"
| #define PACKAGE_VERSION "5.4.14"
| #define PACKAGE_STRING "VampirTrace 5.4.14"
| #define PACKAGE_BUGREPORT "vampirsupport@zih.tu-dresden.de"
| #define PACKAGE "VampirTrace"
| #define VERSION "5.4.14"
| #define STDC_HEADERS 1
| #define HAVE_SYS_TYPES_H 1
| #define HAVE_SYS_STAT_H 1
| #define HAVE_STDLIB_H 1
| #define HAVE_STRING_H 1
| #define HAVE_MEMORY_H 1
| #define HAVE_STRINGS_H 1
| #define HAVE_INTTYPES_H 1
| #define HAVE_STDINT_H 1
| #define HAVE_UNISTD_H 1
| #define HAVE_STDINT_H 1
| #define HAVE_INTTYPES_H 1
| #define HAVE_FNMATCH_H 1
| #define HAVE_SYS_PARAM_H 1
| #define SIZEOF_VOIDP 8
| #define SIZEOF_INT 4
| #define SIZEOF_LONG 8
| #define SIZEOF_MODE_T 2
| #define HAVE_VA_COPY 1
| #define HAVE_UNDERSCORE_VA_COPY 1
| #define HAVE_ASPRINTF 1
| #define HAVE_SNPRINTF 1
| #define HAVE_VASPRINTF 1
| #define HAVE_VSNPRINTF 1
| #define HAVE_STRDUP 1
| #define HAVE_DLFCN_H 1
| #define LT_OBJDIR ".libs/"
| #define DISABLE_CLOCK_SYNC 0
| #define TIMER_CYCLE_COUNTER 1
| #define TIMER_GETTIMEOFDAY 2
| #define TIMER TIMER_CYCLE_COUNTER
| #define DEFAULT_NM "/usr/bin/nm"
| #define HAVE_MPIO 1
| /* end confdefs.h.  */
| #include <papi.h>
configure:30552: result: no
configure:30585: checking for papi.h
configure:30592: result: no
configure:30600: error: no papi.h found; check path for PAPI package first...
configure:31203: creating ./config.status

## ---------------------- ##
## Running config.status. ##
## ---------------------- ##

This file was extended by VampirTrace config.status 5.4.14, which was
generated by GNU Autoconf 2.63.  Invocation command line was

  CONFIG_FILES    = 
  CONFIG_HEADERS  = 
  CONFIG_LINKS    = 
  CONFIG_COMMANDS = 
  $ ./config.status 

on appledeMacBook-Air.local

config.status:1272: creating Makefile
config.status:1272: creating util/Makefile
config.status:1272: creating util/installdirs_conf.h
config.status:1272: creating extlib/Makefile
config.status:1272: creating vtlib/Makefile
config.status:1272: creating tools/Makefile
config.status:1272: creating tools/compwrap/Makefile
config.status:1272: creating tools/compwrap/vtcc-wrapper-data.txt
config.status:1272: creating tools/compwrap/vtcxx-wrapper-data.txt
config.status:1272: creating tools/compwrap/vtf77-wrapper-data.txt
config.status:1272: creating tools/compwrap/vtf90-wrapper-data.txt
config.status:1272: creating tools/opari/Makefile
config.status:1272: creating tools/opari/tool/Makefile
config.status:1272: creating tools/opari/doc/Makefile
config.status:1272: creating tools/vtdyn/Makefile
config.status:1272: creating tools/vtdyn/dynattlib/Makefile
config.status:1272: creating tools/vtfilter/Makefile
config.status:1272: creating tools/vtunify/Makefile
config.status:1272: creating doc/Makefile
config.status:1272: creating config.h
config.status:1546: executing depfiles commands
config.status:1546: executing libtool commands

## ---------------- ##
## Cache variables. ##
## ---------------- ##

ac_cv_build=x86_64-apple-darwin14.0.0
ac_cv_c_compiler_gnu=yes
ac_cv_cxx_compiler_gnu=yes
ac_cv_env_AR_set=
ac_cv_env_AR_value=
ac_cv_env_CCASFLAGS_set=
ac_cv_env_CCASFLAGS_value=
ac_cv_env_CCAS_set=
ac_cv_env_CCAS_value=
ac_cv_env_CCC_set=
ac_cv_env_CCC_value=
ac_cv_env_CC_FOR_BUILD_set=
ac_cv_env_CC_FOR_BUILD_value=
ac_cv_env_CC_set=
ac_cv_env_CC_value=
ac_cv_env_CFLAGS_FOR_BUILD_set=
ac_cv_env_CFLAGS_FOR_BUILD_value=
ac_cv_env_CFLAGS_set=set
ac_cv_env_CFLAGS_value='-O3 -DNDEBUG -finline-functions -fno-strict-aliasing  -fvisibility=hidden'
ac_cv_env_CPPFLAGS_FOR_BUILD_set=
ac_cv_env_CPPFLAGS_FOR_BUILD_value=
ac_cv_env_CPPFLAGS_set=set
ac_cv_env_CPPFLAGS_value=' -D_REENTRANT'
ac_cv_env_CPP_FOR_BUILD_set=
ac_cv_env_CPP_FOR_BUILD_value=
ac_cv_env_CPP_set=
ac_cv_env_CPP_value=
ac_cv_env_CXXCPP_FOR_BUILD_set=
ac_cv_env_CXXCPP_FOR_BUILD_value=
ac_cv_env_CXXCPP_set=
ac_cv_env_CXXCPP_value=
ac_cv_env_CXXFLAGS_FOR_BUILD_set=
ac_cv_env_CXXFLAGS_FOR_BUILD_value=
ac_cv_env_CXXFLAGS_set=set
ac_cv_env_CXXFLAGS_value='-O3 -DNDEBUG -finline-functions '
ac_cv_env_CXX_FOR_BUILD_set=
ac_cv_env_CXX_FOR_BUILD_value=
ac_cv_env_CXX_set=
ac_cv_env_CXX_value=
ac_cv_env_F77_set=
ac_cv_env_F77_value=
ac_cv_env_FCFLAGS_set=
ac_cv_env_FCFLAGS_value=
ac_cv_env_FC_set=
ac_cv_env_FC_value=
ac_cv_env_FFLAGS_set=set
ac_cv_env_FFLAGS_value=
ac_cv_env_LDFLAGS_FOR_BUILD_set=
ac_cv_env_LDFLAGS_FOR_BUILD_value=
ac_cv_env_LDFLAGS_set=set
ac_cv_env_LDFLAGS_value=' '
ac_cv_env_LDSHFLAG_set=
ac_cv_env_LDSHFLAG_value=
ac_cv_env_LIBS_FOR_BUILD_set=
ac_cv_env_LIBS_FOR_BUILD_value=
ac_cv_env_LIBS_set=set
ac_cv_env_LIBS_value='-lutil  '
ac_cv_env_MPICC_set=
ac_cv_env_MPICC_value=
ac_cv_env_MPICFLAGS_set=
ac_cv_env_MPICFLAGS_value=
ac_cv_env_OMPFLAG_set=
ac_cv_env_OMPFLAG_value=
ac_cv_env_build_alias_set=
ac_cv_env_build_alias_value=
ac_cv_env_host_alias_set=
ac_cv_env_host_alias_value=
ac_cv_env_target_alias_set=
ac_cv_env_target_alias_value=
ac_cv_f77_compiler_gnu=no
ac_cv_fc_compiler_gnu=no
ac_cv_func_asprintf=yes
ac_cv_func_snprintf=yes
ac_cv_func_strdup=yes
ac_cv_func_vasprintf=yes
ac_cv_func_vsnprintf=yes
ac_cv_have_decl___va_copy=yes
ac_cv_have_decl_va_copy=yes
ac_cv_header_BPatch_h=no
ac_cv_header_dlfcn_h=yes
ac_cv_header_fnmatch_h=yes
ac_cv_header_inttypes_h=yes
ac_cv_header_malloc_h=no
ac_cv_header_memory_h=yes
ac_cv_header_papi_h=no
ac_cv_header_stdc=yes
ac_cv_header_stdint_h=yes
ac_cv_header_stdlib_h=yes
ac_cv_header_string_h=yes
ac_cv_header_strings_h=yes
ac_cv_header_sys_param_h=yes
ac_cv_header_sys_stat_h=yes
ac_cv_header_sys_types_h=yes
ac_cv_header_unistd_h=yes
ac_cv_header_zlib_h=yes
ac_cv_host=x86_64-apple-darwin14.0.0
ac_cv_objext=o
ac_cv_path_EGREP='/usr/bin/grep -E'
ac_cv_path_FGREP='/usr/bin/grep -F'
ac_cv_path_GREP=/usr/bin/grep
ac_cv_path_SED=/usr/bin/sed
ac_cv_path_install='/usr/bin/install -c'
ac_cv_prog_AR=ar
ac_cv_prog_AWK=awk
ac_cv_prog_CPP='gcc -E'
ac_cv_prog_CXXCPP='g++ -E'
ac_cv_prog_ac_ct_CC=gcc
ac_cv_prog_ac_ct_CXX=g++
ac_cv_prog_ac_ct_DSYMUTIL=dsymutil
ac_cv_prog_ac_ct_LIPO=lipo
ac_cv_prog_ac_ct_NMEDIT=nmedit
ac_cv_prog_ac_ct_OTOOL=otool
ac_cv_prog_ac_ct_RANLIB=ranlib
ac_cv_prog_ac_ct_STRIP=strip
ac_cv_prog_cc_c89=
ac_cv_prog_cc_g=yes
ac_cv_prog_cc_gcc_c_o=yes
ac_cv_prog_cxx_g=yes
ac_cv_prog_f77_g=no
ac_cv_prog_fc_g=no
ac_cv_prog_make_make_set=yes
ac_cv_sizeof_int=4
ac_cv_sizeof_long=8
ac_cv_sizeof_mode_t=2
ac_cv_sizeof_voidp=8
ac_cv_type_size_t=yes
am_cv_CCAS_dependencies_compiler_type=gcc3
am_cv_CC_dependencies_compiler_type=gcc3
am_cv_CXX_dependencies_compiler_type=gcc3
ax_cv_c_openmp=unknown
lt_cv_apple_cc_single_mod=yes
lt_cv_deplibs_check_method=pass_all
lt_cv_file_magic_cmd='$MAGIC_CMD'
lt_cv_file_magic_test_file=
lt_cv_ld_exported_symbols_list=yes
lt_cv_ld_reload_flag=-r
lt_cv_nm_interface='BSD nm'
lt_cv_objdir=.libs
lt_cv_path_LD=/Library/Developer/CommandLineTools/usr/bin/ld
lt_cv_path_LDCXX=/Library/Developer/CommandLineTools/usr/bin/ld
lt_cv_path_NM=/usr/bin/nm
lt_cv_prog_compiler_c_o=yes
lt_cv_prog_compiler_c_o_CXX=yes
lt_cv_prog_compiler_pic_works=yes
lt_cv_prog_compiler_pic_works_CXX=yes
lt_cv_prog_compiler_rtti_exceptions=yes
lt_cv_prog_compiler_static_works=no
lt_cv_prog_compiler_static_works_CXX=no
lt_cv_prog_gnu_ld=no
lt_cv_prog_gnu_ldcxx=no
lt_cv_sys_global_symbol_pipe='sed -n -e '\''s/^.*[	 ]\([BCDEGRST][BCDEGRST]*\)[	 ][	 ]*_\([_A-Za-z][_A-Za-z0-9]*\)$/\1 _\2 \2/p'\'''
lt_cv_sys_global_symbol_to_c_name_address='sed -n -e '\''s/^: \([^ ]*\) $/  {\"\1\", (void *) 0},/p'\'' -e '\''s/^[BCDEGRST]* \([^ ]*\) \([^ ]*\)$/  {"\2", (void *) \&\2},/p'\'''
lt_cv_sys_global_symbol_to_c_name_address_lib_prefix='sed -n -e '\''s/^: \([^ ]*\) $/  {\"\1\", (void *) 0},/p'\'' -e '\''s/^[BCDEGRST]* \([^ ]*\) \(lib[^ ]*\)$/  {"\2", (void *) \&\2},/p'\'' -e '\''s/^[BCDEGRST]* \([^ ]*\) \([^ ]*\)$/  {"lib\2", (void *) \&\2},/p'\'''
lt_cv_sys_global_symbol_to_cdecl='sed -n -e '\''s/^T .* \(.*\)$/extern int \1();/p'\'' -e '\''s/^[BCDEGRST]* .* \(.*\)$/extern char \1;/p'\'''
lt_cv_sys_max_cmd_len=196608

## ----------------- ##
## Output variables. ##
## ----------------- ##

ACLOCAL='${SHELL} /Users/apple/project/SwiftSnails/third/openmpi-1.4.5/ompi/contrib/vt/vt/missing --run aclocal-1.10'
AMBUILDBINARIES_FALSE='#'
AMBUILDBINARIES_TRUE=''
AMBUILDCOMPINST_FTRACE_FALSE=''
AMBUILDCOMPINST_FTRACE_TRUE='#'
AMBUILDCOMPINST_GNU_FALSE='#'
AMBUILDCOMPINST_GNU_TRUE=''
AMBUILDCOMPINST_INTEL_FALSE=''
AMBUILDCOMPINST_INTEL_TRUE='#'
AMBUILDCOMPINST_PGI_FALSE=''
AMBUILDCOMPINST_PGI_TRUE='#'
AMBUILDCOMPINST_PHAT_FALSE=''
AMBUILDCOMPINST_PHAT_TRUE='#'
AMBUILDCOMPINST_XL_FALSE=''
AMBUILDCOMPINST_XL_TRUE='#'
AMBUILDDYNATTLIB_FALSE=''
AMBUILDDYNATTLIB_TRUE='#'
AMBUILDHYB_FALSE=''
AMBUILDHYB_TRUE='#'
AMBUILDIOWRAP_FALSE=''
AMBUILDIOWRAP_TRUE='#'
AMBUILDMPI_FALSE='#'
AMBUILDMPI_TRUE=''
AMBUILDOMP_FALSE=''
AMBUILDOMP_TRUE='#'
AMDEPBACKSLASH='\'
AMDEP_FALSE='#'
AMDEP_TRUE=''
AMEXTERNOTF_FALSE=''
AMEXTERNOTF_TRUE='#'
AMHAVEDYNINST_FALSE=''
AMHAVEDYNINST_TRUE='#'
AMHAVEF77_FALSE=''
AMHAVEF77_TRUE='#'
AMHAVEFC_FALSE=''
AMHAVEFC_TRUE='#'
AMHAVEMEMHOOKS_FALSE=''
AMHAVEMEMHOOKS_TRUE='#'
AMHAVEOMP_FALSE=''
AMHAVEOMP_TRUE='#'
AMHAVEPAPI_FALSE=''
AMHAVEPAPI_TRUE='#'
AMTAR='${SHELL} /Users/apple/project/SwiftSnails/third/openmpi-1.4.5/ompi/contrib/vt/vt/missing --run tar'
AR='ar'
AUTOCONF='${SHELL} /Users/apple/project/SwiftSnails/third/openmpi-1.4.5/ompi/contrib/vt/vt/missing --run autoconf'
AUTOHEADER='${SHELL} /Users/apple/project/SwiftSnails/third/openmpi-1.4.5/ompi/contrib/vt/vt/missing --run autoheader'
AUTOMAKE='${SHELL} /Users/apple/project/SwiftSnails/third/openmpi-1.4.5/ompi/contrib/vt/vt/missing --run automake-1.10'
AWK='awk'
CC='gcc'
CCAS='gcc'
CCASDEPMODE='depmode=gcc3'
CCASFLAGS='-O3 -DNDEBUG -finline-functions -fno-strict-aliasing  -fvisibility=hidden'
CCDEPMODE='depmode=gcc3'
CC_FOR_BUILD='gcc'
CFLAGS='-O3 -DNDEBUG -finline-functions -fno-strict-aliasing  -fvisibility=hidden'
CFLAGS_FOR_BUILD='-O3 -DNDEBUG -finline-functions -fno-strict-aliasing  -fvisibility=hidden'
CPP='gcc -E'
CPPFLAGS='-DINSIDE_OPENMPI  -D_REENTRANT'
CPPFLAGS_FOR_BUILD=' -D_REENTRANT'
CPP_FOR_BUILD='gcc -E'
CXX='g++'
CXXCPP='g++ -E'
CXXCPP_FOR_BUILD='g++ -E'
CXXDEPMODE='depmode=gcc3'
CXXFLAGS='-O3 -DNDEBUG -finline-functions '
CXXFLAGS_FOR_BUILD='-O3 -DNDEBUG -finline-functions '
CXX_FOR_BUILD='g++'
CYGPATH_W='echo'
DEFS='-DHAVE_CONFIG_H'
DEPDIR='.deps'
DLINCDIR=''
DLLIB=''
DLLIBDIR=''
DSYMUTIL='dsymutil'
DUMPBIN=''
DYNIINCDIR=''
DYNILIB=''
DYNILIBDIR=''
ECHO_C='\c'
ECHO_N=''
ECHO_T=''
EGREP='/usr/bin/grep -E'
EXEEXT=''
F77=''
FC=''
FCFLAGS=''
FFLAGS=''
FGREP='/usr/bin/grep -F'
FMPILIB='-lvt.fmpi'
GREP='/usr/bin/grep'
INSTALL_DATA='${INSTALL} -m 644'
INSTALL_PROGRAM='${INSTALL}'
INSTALL_SCRIPT='${INSTALL}'
INSTALL_STRIP_PROGRAM='$(install_sh) -c -s'
LD='/Library/Developer/CommandLineTools/usr/bin/ld'
LDFLAGS=' '
LDFLAGS_FOR_BUILD=' '
LDSHFLAG=''
LIBOBJS=''
LIBS='-lutil  '
LIBS_FOR_BUILD='-lutil  '
LIBTOOL='$(SHELL) $(top_builddir)/libtool'
LIPO='lipo'
LN_S='ln -s'
LTLIBOBJS=''
MAKEINFO='${SHELL} /Users/apple/project/SwiftSnails/third/openmpi-1.4.5/ompi/contrib/vt/vt/missing --run makeinfo'
MKDIR_P='./install-sh -c -d'
MPICC='gcc'
MPICFLAGS=''
MPIDIR=''
MPIINCDIR='-I/Users/apple/project/SwiftSnails/third/openmpi-1.4.5/ompi/contrib/vt/vt/../../../include'
MPILIB='-lmpi'
MPILIBDIR=''
NM='/usr/bin/nm'
NMEDIT='nmedit'
OBJDUMP='false'
OBJEXT='o'
OMPFLAG=''
OTFDIR=''
OTFINCDIR=''
OTFLIB='-lotf  -lz'
OTFLIBDIR=''
OTOOL64=':'
OTOOL='otool'
PACKAGE='VampirTrace'
PACKAGE_BUGREPORT='vampirsupport@zih.tu-dresden.de'
PACKAGE_NAME='VampirTrace'
PACKAGE_STRING='VampirTrace 5.4.14'
PACKAGE_TARNAME='vampirtrace'
PACKAGE_VERSION='5.4.14'
PAPIINCDIR=''
PAPILIB=''
PAPILIBDIR=''
PATH_SEPARATOR=':'
PLATFORM='macos'
PMPILIB=''
RANLIB='ranlib'
SED='/usr/bin/sed'
SET_MAKE=''
SHELL='/bin/sh'
STRIP='strip'
VERSION='5.4.14'
VTDYNATTLIB=''
VT_WRAPPER_AVAIL_INST='manual pomp gnu'
VT_WRAPPER_DEFAULT_INST='gnu'
VT_WRAPPER_EXTRA_CFLAGS=''
VT_WRAPPER_EXTRA_CXXFLAGS=''
VT_WRAPPER_EXTRA_FCFLAGS=''
VT_WRAPPER_EXTRA_FFLAGS=''
VT_WRAPPER_EXTRA_LDFLAGS=''
VT_WRAPPER_EXTRA_LIBS=''
VT_WRAPPER_OPARI_BIN='/Users/apple/project/SwiftSnails/third/openmpi-1.4.5/../local/openmpi/bin/opari'
ZLIBINCDIR=''
ZLIBLIB='-lz'
ZLIBLIBDIR=''
ac_ct_CC='gcc'
ac_ct_CXX='g++'
ac_ct_DUMPBIN=''
ac_ct_F77=''
ac_ct_FC=''
am__fastdepCCAS_FALSE='#'
am__fastdepCCAS_TRUE=''
am__fastdepCC_FALSE='#'
am__fastdepCC_TRUE=''
am__fastdepCXX_FALSE='#'
am__fastdepCXX_TRUE=''
am__include='include'
am__isrc=''
am__leading_dot='.'
am__quote=''
am__tar='${AMTAR} chof - "$$tardir"'
am__untar='${AMTAR} xf -'
bindir='${exec_prefix}/bin'
build='x86_64-apple-darwin14.0.0'
build_alias=''
build_cpu='x86_64'
build_os='darwin14.0.0'
build_vendor='apple'
datadir='${datarootdir}'
datarootdir='${prefix}/share/vampirtrace'
docdir='${datarootdir}/doc'
dvidir='${docdir}'
exec_prefix='${prefix}'
host='x86_64-apple-darwin14.0.0'
host_alias=''
host_cpu='x86_64'
host_os='darwin14.0.0'
host_vendor='apple'
htmldir='${docdir}'
includedir='${prefix}/include/vampirtrace'
infodir='${datarootdir}/info'
install_sh='$(SHELL) /Users/apple/project/SwiftSnails/third/openmpi-1.4.5/ompi/contrib/vt/vt/install-sh'
libdir='${exec_prefix}/lib'
libexecdir='${exec_prefix}/libexec'
localedir='${datarootdir}/locale'
localstatedir='${prefix}/var'
lt_ECHO='/bin/echo'
mandir='${datarootdir}/man'
mkdir_p='$(top_builddir)/./install-sh -c -d'
oldincludedir='/usr/include'
pdfdir='${docdir}'
prefix='/Users/apple/project/SwiftSnails/third/openmpi-1.4.5/../local/openmpi'
program_transform_name='s,x,x,'
psdir='${docdir}'
sbindir='${exec_prefix}/sbin'
sharedstatedir='${prefix}/com'
sysconfdir='${prefix}/etc'
target_alias=''

## ----------- ##
## confdefs.h. ##
## ----------- ##

#define PACKAGE_NAME "VampirTrace"
#define PACKAGE_TARNAME "vampirtrace"
#define PACKAGE_VERSION "5.4.14"
#define PACKAGE_STRING "VampirTrace 5.4.14"
#define PACKAGE_BUGREPORT "vampirsupport@zih.tu-dresden.de"
#define PACKAGE "VampirTrace"
#define VERSION "5.4.14"
#define STDC_HEADERS 1
#define HAVE_SYS_TYPES_H 1
#define HAVE_SYS_STAT_H 1
#define HAVE_STDLIB_H 1
#define HAVE_STRING_H 1
#define HAVE_MEMORY_H 1
#define HAVE_STRINGS_H 1
#define HAVE_INTTYPES_H 1
#define HAVE_STDINT_H 1
#define HAVE_UNISTD_H 1
#define HAVE_STDINT_H 1
#define HAVE_INTTYPES_H 1
#define HAVE_FNMATCH_H 1
#define HAVE_SYS_PARAM_H 1
#define SIZEOF_VOIDP 8
#define SIZEOF_INT 4
#define SIZEOF_LONG 8
#define SIZEOF_MODE_T 2
#define HAVE_VA_COPY 1
#define HAVE_UNDERSCORE_VA_COPY 1
#define HAVE_ASPRINTF 1
#define HAVE_SNPRINTF 1
#define HAVE_VASPRINTF 1
#define HAVE_VSNPRINTF 1
#define HAVE_STRDUP 1
#define HAVE_DLFCN_H 1
#define LT_OBJDIR ".libs/"
#define DISABLE_CLOCK_SYNC 0
#define TIMER_CYCLE_COUNTER 1
#define TIMER_GETTIMEOFDAY 2
#define TIMER TIMER_CYCLE_COUNTER
#define DEFAULT_NM "/usr/bin/nm"
#define HAVE_MPIO 1

configure: exit 0
